#
# There is insufficient memory for the Java Runtime Environment to continue.
# Native memory allocation (mmap) failed to map 330301440 bytes for committing reserved memory.
# Possible reasons:
#   The system is out of physical RAM or swap space
#   The process is running with CompressedOops enabled, and the Java Heap may be blocking the growth of the native heap
# Possible solutions:
#   Reduce memory load on the system
#   Increase physical memory or swap space
#   Check if swap backing store is full
#   Decrease Java heap size (-Xmx/-Xms)
#   Decrease number of Java threads
#   Decrease Java thread stack sizes (-Xss)
#   Set larger code cache with -XX:ReservedCodeCacheSize=
#   JVM is running with Unscaled Compressed Oops mode in which the Java heap is
#     placed in the first 4GB address space. The Java Heap base address is the
#     maximum limit for the native heap growth. Please use -XX:HeapBaseMinAddress
#     to set the Java Heap base and to place the Java Heap above 4GB virtual address.
# This output file may be truncated or incomplete.
#
#  Out of Memory Error (os_linux.cpp:2706), pid=21781, tid=21801
#
# JRE version: OpenJDK Runtime Environment (10.0.2+13) (build 10.0.2+13-Debian-1)
# Java VM: OpenJDK 64-Bit Server VM (10.0.2+13-Debian-1, mixed mode, tiered, compressed oops, g1 gc, linux-amd64)
# Core dump will be written. Default location: Core dumps may be processed with "/usr/share/apport/apport %p %s %c %d %P" (or dumping to /home/krishna/react_proj/WhatisThat/android/core.21781)
#

---------------  S U M M A R Y ------------

Command Line: -XX:+HeapDumpOnOutOfMemoryError -Xmx1024m -Dfile.encoding=UTF-8 -Duser.country=US -Duser.language=en -Duser.variant org.gradle.launcher.daemon.bootstrap.GradleDaemon 4.7

Host: AMD A6-7310 APU with AMD Radeon R4 Graphics, 4 cores, 3G, Pop!_OS 18.04 LTS
Time: Thu Mar  7 19:19:21 2019 IST elapsed time: 345 seconds (0d 0h 5m 45s)

---------------  T H R E A D  ---------------

Current thread (0x00007f4c9c0da800):  VMThread "VM Thread" [stack: 0x00007f4c80a19000,0x00007f4c80b19000] [id=21801]

Stack: [0x00007f4c80a19000,0x00007f4c80b19000],  sp=0x00007f4c80b17010,  free space=1016k
Native frames: (J=compiled Java code, A=aot compiled Java code, j=interpreted, Vv=VM code, C=native code)
V  [libjvm.so+0xc73774]
V  [libjvm.so+0xc7430b]
V  [libjvm.so+0x610d25]
V  [libjvm.so+0xaa0ca8]
V  [libjvm.so+0xa991fd]
V  [libjvm.so+0x720b1f]
V  [libjvm.so+0x720e7e]
V  [libjvm.so+0x723d36]
V  [libjvm.so+0x7a1894]
V  [libjvm.so+0x7a24f0]
V  [libjvm.so+0x7a2917]
V  [libjvm.so+0x6d4d30]
V  [libjvm.so+0x6d852b]
V  [libjvm.so+0xc858e8]
V  [libjvm.so+0xc84212]
V  [libjvm.so+0xc8181f]
V  [libjvm.so+0xc82d1e]
V  [libjvm.so+0xc82f88]
V  [libjvm.so+0xaa5b40]

VM_Operation (0x00007f4c01df1c90): G1IncCollectionPause, mode: safepoint, requested by thread 0x00007f4c6802e800


---------------  P R O C E S S  ---------------

Threads class SMR info:
_java_thread_list=0x00007f4c54213a10, length=53, elements={
0x00007f4c9c011800, 0x00007f4c9c0e4000, 0x00007f4c9c0e6000, 0x00007f4c9c0ef800,
0x00007f4c9c0fc000, 0x00007f4c9c0fe000, 0x00007f4c9c100000, 0x00007f4c9c102000,
0x00007f4c9c166000, 0x00007f4c9c17f000, 0x00007f4c9ce1a800, 0x00007f4c9ce36800,
0x00007f4c1c011000, 0x00007f4c14009800, 0x00007f4c10137000, 0x00007f4c10149800,
0x00007f4c10a4a000, 0x00007f4c10e6f000, 0x00007f4c14004800, 0x00007f4c14015000,
0x00007f4c106b6000, 0x00007f4c1001f000, 0x00007f4c10175000, 0x00007f4c109a7800,
0x00007f4c1001c800, 0x00007f4c109a2800, 0x00007f4c109a9000, 0x00007f4c10d00800,
0x00007f4c117e5800, 0x00007f4c117ff800, 0x00007f4c11800800, 0x00007f4c1181d800,
0x00007f4c118f4000, 0x00007f4c118c1800, 0x00007f4c60044800, 0x00007f4c60046800,
0x00007f4c6802e800, 0x00007f4c64007800, 0x00007f4c70005000, 0x00007f4c64004000,
0x00007f4c68033000, 0x00007f4c7000b800, 0x00007f4c7000d000, 0x00007f4c68035000,
0x00007f4c6400a000, 0x00007f4c68037000, 0x00007f4c6400c000, 0x00007f4c11507000,
0x00007f4c54211800, 0x00007f4c54214800, 0x00007f4c54215800, 0x00007f4c54219800,
0x00007f4c5421b800
}

Java Threads: ( => current thread )
  0x00007f4c9c011800 JavaThread "main" [_thread_blocked, id=21782, stack(0x00007f4ca34e1000,0x00007f4ca35e2000)]
  0x00007f4c9c0e4000 JavaThread "Reference Handler" daemon [_thread_blocked, id=21802, stack(0x00007f4c80916000,0x00007f4c80a17000)]
  0x00007f4c9c0e6000 JavaThread "Finalizer" daemon [_thread_blocked, id=21803, stack(0x00007f4c80815000,0x00007f4c80916000)]
  0x00007f4c9c0ef800 JavaThread "Signal Dispatcher" daemon [_thread_blocked, id=21804, stack(0x00007f4c8042f000,0x00007f4c80530000)]
  0x00007f4c9c0fc000 JavaThread "C2 CompilerThread0" daemon [_thread_in_native, id=21805, stack(0x00007f4c8032e000,0x00007f4c8042f000)]
  0x00007f4c9c0fe000 JavaThread "C2 CompilerThread1" daemon [_thread_blocked, id=21806, stack(0x00007f4c8022d000,0x00007f4c8032e000)]
  0x00007f4c9c100000 JavaThread "C1 CompilerThread2" daemon [_thread_blocked, id=21807, stack(0x00007f4c8012c000,0x00007f4c8022d000)]
  0x00007f4c9c102000 JavaThread "Sweeper thread" daemon [_thread_blocked, id=21808, stack(0x00007f4c8002b000,0x00007f4c8012c000)]
  0x00007f4c9c166000 JavaThread "Service Thread" daemon [_thread_blocked, id=21809, stack(0x00007f4c33eff000,0x00007f4c34000000)]
  0x00007f4c9c17f000 JavaThread "Common-Cleaner" daemon [_thread_blocked, id=21811, stack(0x00007f4c33cfc000,0x00007f4c33dfd000)]
  0x00007f4c9ce1a800 JavaThread "Incoming local TCP Connector on port 43647" [_thread_in_native, id=21822, stack(0x00007f4c333ab000,0x00007f4c334ac000)]
  0x00007f4c9ce36800 JavaThread "Daemon periodic checks" [_thread_blocked, id=21825, stack(0x00007f4c332a3000,0x00007f4c333a4000)]
  0x00007f4c1c011000 JavaThread "Daemon" [_thread_blocked, id=21827, stack(0x00007f4c331a2000,0x00007f4c332a3000)]
  0x00007f4c14009800 JavaThread "Daemon worker" [_thread_blocked, id=21830, stack(0x00007f4c32e9f000,0x00007f4c32fa0000)]
  0x00007f4c10137000 JavaThread "Cache worker for file hash cache (/root/.gradle/caches/4.7/fileHashes)" [_thread_blocked, id=21836, stack(0x00007f4c3299c000,0x00007f4c32a9d000)]
  0x00007f4c10149800 JavaThread "File lock request listener" [_thread_in_native, id=21837, stack(0x00007f4c3289b000,0x00007f4c3299c000)]
  0x00007f4c10a4a000 JavaThread "Memory manager" [_thread_blocked, id=21898, stack(0x00007f4c30994000,0x00007f4c30a95000)]
  0x00007f4c10e6f000 JavaThread "pool-1-thread-1" [_thread_blocked, id=21900, stack(0x00007f4c30093000,0x00007f4c30194000)]
  0x00007f4c14004800 JavaThread "Handler for socket connection from /0:0:0:0:0:0:0:1:43647 to /0:0:0:0:0:0:0:1:47500" [_thread_in_native, id=22040, stack(0x00007f4c330a1000,0x00007f4c331a2000)]
  0x00007f4c14015000 JavaThread "Cancel handler" [_thread_blocked, id=22041, stack(0x00007f4c32fa0000,0x00007f4c330a1000)]
  0x00007f4c106b6000 JavaThread "Asynchronous log dispatcher for DefaultDaemonConnection: socket connection from /0:0:0:0:0:0:0:1:43647 to /0:0:0:0:0:0:0:1:47500" [_thread_blocked, id=22042, stack(0x00007f4c32d9e000,0x00007f4c32e9f000)]
  0x00007f4c1001f000 JavaThread "Stdin handler" [_thread_blocked, id=22043, stack(0x00007f4c32c9d000,0x00007f4c32d9e000)]
  0x00007f4c10175000 JavaThread "Cache worker for file hash cache (/home/krishna/react_proj/WhatisThat/android/.gradle/4.7/fileHashes)" [_thread_blocked, id=22045, stack(0x00007f4c31297000,0x00007f4c31398000)]
  0x00007f4c109a7800 JavaThread "Cache worker for Artifact transforms cache (/root/.gradle/caches/transforms-1)" [_thread_blocked, id=22047, stack(0x00007f4c31095000,0x00007f4c31196000)]
  0x00007f4c1001c800 JavaThread "Build operations" [_thread_blocked, id=22049, stack(0x00007f4c31398000,0x00007f4c31499000)]
  0x00007f4c109a2800 JavaThread "Build operations Thread 2" [_thread_blocked, id=22050, stack(0x00007f4c31196000,0x00007f4c31297000)]
  0x00007f4c109a9000 JavaThread "Build operations Thread 3" [_thread_blocked, id=22051, stack(0x00007f4c31699000,0x00007f4c3179a000)]
  0x00007f4c10d00800 JavaThread "Build operations Thread 4" [_thread_blocked, id=22052, stack(0x00007f4c3259a000,0x00007f4c3269b000)]
  0x00007f4c117e5800 JavaThread "Cache worker for file content cache (/home/krishna/react_proj/WhatisThat/android/.gradle/4.7/fileContent)" [_thread_blocked, id=22124, stack(0x00007f4c03eff000,0x00007f4c04000000)]
  0x00007f4c117ff800 JavaThread "Cache worker for task history cache (/home/krishna/react_proj/WhatisThat/android/.gradle/4.7/taskHistory)" [_thread_blocked, id=22125, stack(0x00007f4c027fb000,0x00007f4c028fc000)]
  0x00007f4c11800800 JavaThread "Cache worker for Build Output Cleanup Cache (/home/krishna/react_proj/WhatisThat/android/.gradle/buildOutputCleanup)" [_thread_blocked, id=22126, stack(0x00007f4c026fa000,0x00007f4c027fb000)]
  0x00007f4c1181d800 JavaThread "Task worker for ':'" [_thread_blocked, id=22127, stack(0x00007f4c025f9000,0x00007f4c026fa000)]
  0x00007f4c118f4000 JavaThread "Task worker for ':' Thread 2" [_thread_blocked, id=22128, stack(0x00007f4c024f8000,0x00007f4c025f9000)]
  0x00007f4c118c1800 JavaThread "Task worker for ':' Thread 3" [_thread_blocked, id=22129, stack(0x00007f4c023f7000,0x00007f4c024f8000)]
  0x00007f4c60044800 JavaThread "ForkJoinPool.commonPool-worker-1" daemon [_thread_blocked, id=22202, stack(0x00007f4c01ef6000,0x00007f4c01ff7000)]
  0x00007f4c60046800 JavaThread "ForkJoinPool.commonPool-worker-2" daemon [_thread_blocked, id=22203, stack(0x00007f4c01df5000,0x00007f4c01ef6000)]
  0x00007f4c6802e800 JavaThread "ForkJoinPool.commonPool-worker-3" daemon [_thread_blocked, id=22204, stack(0x00007f4c01cf4000,0x00007f4c01df5000)]
  0x00007f4c64007800 JavaThread "pool-2-thread-1" [_thread_blocked, id=22205, stack(0x00007f4c01bf3000,0x00007f4c01cf4000)]
  0x00007f4c70005000 JavaThread "process reaper" daemon [_thread_in_native, id=22209, stack(0x00007f4c30003000,0x00007f4c30025000)]
  0x00007f4c64004000 JavaThread "process reaper" daemon [_thread_in_native, id=22210, stack(0x00007f4c01bd1000,0x00007f4c01bf3000)]
  0x00007f4c68033000 JavaThread "process reaper" daemon [_thread_in_native, id=22211, stack(0x00007f4c01baf000,0x00007f4c01bd1000)]
  0x00007f4c7000b800 JavaThread "stderr" daemon [_thread_in_native, id=22212, stack(0x00007f4c01aae000,0x00007f4c01baf000)]
  0x00007f4c7000d000 JavaThread "stdout" daemon [_thread_in_native, id=22213, stack(0x00007f4c019ad000,0x00007f4c01aae000)]
  0x00007f4c68035000 JavaThread "stderr" daemon [_thread_in_native, id=22214, stack(0x00007f4c018ac000,0x00007f4c019ad000)]
  0x00007f4c6400a000 JavaThread "stderr" daemon [_thread_in_native, id=22215, stack(0x00007f4c017ab000,0x00007f4c018ac000)]
  0x00007f4c68037000 JavaThread "stdout" daemon [_thread_in_native, id=22216, stack(0x00007f4c016aa000,0x00007f4c017ab000)]
  0x00007f4c6400c000 JavaThread "stdout" daemon [_thread_in_native, id=22217, stack(0x00007f4c015a9000,0x00007f4c016aa000)]
  0x00007f4c11507000 JavaThread "Cache worker for Java compile cache (/home/krishna/react_proj/WhatisThat/android/.gradle/4.7/javaCompile)" [_thread_blocked, id=22228, stack(0x00007f4c014a8000,0x00007f4c015a9000)]
  0x00007f4c54211800 JavaThread "Worker Daemon Execution" [_thread_blocked, id=22247, stack(0x00007f4c009a7000,0x00007f4c00aa8000)]
  0x00007f4c54214800 JavaThread "Worker Daemon Execution Thread 2" [_thread_blocked, id=22248, stack(0x00007f4c008a6000,0x00007f4c009a7000)]
  0x00007f4c54215800 JavaThread "Worker Daemon Execution Thread 3" [_thread_blocked, id=22249, stack(0x00007f4c007a5000,0x00007f4c008a6000)]
  0x00007f4c54219800 JavaThread "Worker Daemon Execution Thread 4" [_thread_blocked, id=22250, stack(0x00007f4c006a4000,0x00007f4c007a5000)]
  0x00007f4c5421b800 JavaThread "Worker Daemon Execution Thread 5" [_thread_blocked, id=22251, stack(0x00007f4c005a3000,0x00007f4c006a4000)]

Other Threads:
=>0x00007f4c9c0da800 VMThread "VM Thread" [stack: 0x00007f4c80a19000,0x00007f4c80b19000] [id=21801]
  0x00007f4c9c168800 WatcherThread [stack: 0x00007f4c33dff000,0x00007f4c33eff000] [id=21810]
  0x00007f4c9c028000 GCTaskThread "GC Thread#0" [stack: 0x00007f4ca316d000,0x00007f4ca326d000] [id=21783]
  0x00007f4c9c029800 GCTaskThread "GC Thread#1" [stack: 0x00007f4ca306b000,0x00007f4ca316b000] [id=21784]
  0x00007f4c9c02b000 GCTaskThread "GC Thread#2" [stack: 0x00007f4ca2f69000,0x00007f4ca3069000] [id=21785]
  0x00007f4c9c02d000 GCTaskThread "GC Thread#3" [stack: 0x00007f4ca2e67000,0x00007f4ca2f67000] [id=21786]
  0x00007f4c9c044800 ConcurrentGCThread "G1 Main Marker" [stack: 0x00007f4ca02fe000,0x00007f4ca03fe000] [id=21788]
  0x00007f4c9c046800 ConcurrentGCThread "G1 Conc#0" [stack: 0x00007f4ca01fc000,0x00007f4ca02fc000] [id=21789]
  0x00007f4c9c073800 ConcurrentGCThread "G1 Refine#0" [stack: 0x00007f4c81723000,0x00007f4c81823000] [id=21790]
  0x00007f4c9c075000 ConcurrentGCThread "G1 Refine#1" [stack: 0x00007f4c81621000,0x00007f4c81721000] [id=21792]
  0x00007f4c9c077000 ConcurrentGCThread "G1 Refine#2" [stack: 0x00007f4c8151f000,0x00007f4c8161f000] [id=21793]
  0x00007f4c9c078800 ConcurrentGCThread "G1 Refine#3" [stack: 0x00007f4c8141d000,0x00007f4c8151d000] [id=21794]
  0x00007f4c9c07a800 ConcurrentGCThread "G1 Young RemSet Sampling" [stack: 0x00007f4c8131b000,0x00007f4c8141b000] [id=21795]

Threads with active compile tasks:
C2 CompilerThread020332       4       com.android.tools.r8.ir.conversion.JarSourceCode::buildInstruction (402 bytes)
C2 CompilerThread120821       4       com.android.tools.r8.ir.conversion.JarState::recordStateForTarget (265 bytes)

VM state:at safepoint (normal execution)

VM Mutex/Monitor currently owned by a thread:  ([mutex/lock_event])
[0x00007f4c9c00dd10] Threads_lock - owner thread: 0x00007f4c9c0da800
[0x00007f4c9c00e2b0] Heap_lock - owner thread: 0x00007f4c6802e800

Heap address: 0x00000000c0000000, size: 1024 MB, Compressed Oops mode: 32-bit
Narrow klass base: 0x0000000000000000, Narrow klass shift: 3
Compressed class space size: 1073741824 Address: 0x0000000100000000

Heap:
 garbage-first heap   total 565248K, used 122021K [0x00000000c0000000, 0x0000000100000000)
  region size 1024K, 4 young (4096K), 4 survivors (4096K)
 Metaspace       used 101309K, capacity 103577K, committed 104144K, reserved 1140736K
  class space    used 11360K, capacity 12207K, committed 12240K, reserved 1048576K
Heap Regions: E=young(eden), S=young(survivor), O=old, HS=humongous(starts), HC=humongous(continues), CS=collection set, F=free, A=archive, TS=gc time stamp, AC=allocation context, TAMS=top-at-mark-start (previous, next)
|   0|0x00000000c0000000, 0x00000000c0100000, 0x00000000c0100000|100%|HS|  |TS  0|AC  0|TAMS 0x00000000c0100000, 0x00000000c0100000|
|   1|0x00000000c0100000, 0x00000000c0200000, 0x00000000c0200000|100%|HC|  |TS  0|AC  0|TAMS 0x00000000c0200000, 0x00000000c0200000|
|   2|0x00000000c0200000, 0x00000000c0300000, 0x00000000c0300000|100%| O|  |TS  0|AC  0|TAMS 0x00000000c0300000, 0x00000000c0300000|
|   3|0x00000000c0300000, 0x00000000c0400000, 0x00000000c0400000|100%| O|  |TS  0|AC  0|TAMS 0x00000000c0400000, 0x00000000c0400000|
|   4|0x00000000c0400000, 0x00000000c0500000, 0x00000000c0500000|100%| O|  |TS  0|AC  0|TAMS 0x00000000c0500000, 0x00000000c0500000|
|   5|0x00000000c0500000, 0x00000000c0600000, 0x00000000c0600000|100%| O|  |TS  0|AC  0|TAMS 0x00000000c0600000, 0x00000000c0600000|
|   6|0x00000000c0600000, 0x00000000c0700000, 0x00000000c0700000|100%| O|  |TS  0|AC  0|TAMS 0x00000000c0700000, 0x00000000c0700000|
|   7|0x00000000c0700000, 0x00000000c0800000, 0x00000000c0800000|100%| O|  |TS  0|AC  0|TAMS 0x00000000c0800000, 0x00000000c0800000|
|   8|0x00000000c0800000, 0x00000000c0900000, 0x00000000c0900000|100%| O|  |TS  0|AC  0|TAMS 0x00000000c0900000, 0x00000000c0900000|
|   9|0x00000000c0900000, 0x00000000c0a00000, 0x00000000c0a00000|100%| O|  |TS  0|AC  0|TAMS 0x00000000c0a00000, 0x00000000c0a00000|
|  10|0x00000000c0a00000, 0x00000000c0b00000, 0x00000000c0b00000|100%| O|  |TS  0|AC  0|TAMS 0x00000000c0b00000, 0x00000000c0b00000|
|  11|0x00000000c0b00000, 0x00000000c0c00000, 0x00000000c0c00000|100%| O|  |TS  0|AC  0|TAMS 0x00000000c0c00000, 0x00000000c0c00000|
|  12|0x00000000c0c00000, 0x00000000c0d00000, 0x00000000c0d00000|100%| O|  |TS  0|AC  0|TAMS 0x00000000c0d00000, 0x00000000c0d00000|
|  13|0x00000000c0d00000, 0x00000000c0e00000, 0x00000000c0e00000|100%| O|  |TS  0|AC  0|TAMS 0x00000000c0e00000, 0x00000000c0e00000|
|  14|0x00000000c0e00000, 0x00000000c0f00000, 0x00000000c0f00000|100%| O|  |TS  0|AC  0|TAMS 0x00000000c0f00000, 0x00000000c0f00000|
|  15|0x00000000c0f00000, 0x00000000c1000000, 0x00000000c1000000|100%| O|  |TS  0|AC  0|TAMS 0x00000000c1000000, 0x00000000c1000000|
|  16|0x00000000c1000000, 0x00000000c1100000, 0x00000000c1100000|100%| O|  |TS  0|AC  0|TAMS 0x00000000c1100000, 0x00000000c1100000|
|  17|0x00000000c1100000, 0x00000000c1200000, 0x00000000c1200000|100%| O|  |TS  0|AC  0|TAMS 0x00000000c1200000, 0x00000000c1200000|
|  18|0x00000000c1200000, 0x00000000c1300000, 0x00000000c1300000|100%| O|  |TS  0|AC  0|TAMS 0x00000000c1300000, 0x00000000c1300000|
|  19|0x00000000c1300000, 0x00000000c1400000, 0x00000000c1400000|100%|HS|  |TS  0|AC  0|TAMS 0x00000000c1400000, 0x00000000c1400000|
|  20|0x00000000c1400000, 0x00000000c1500000, 0x00000000c1500000|100%|HC|  |TS  0|AC  0|TAMS 0x00000000c1500000, 0x00000000c1500000|
|  21|0x00000000c1500000, 0x00000000c1600000, 0x00000000c1600000|100%|HS|  |TS  0|AC  0|TAMS 0x00000000c1600000, 0x00000000c1600000|
|  22|0x00000000c1600000, 0x00000000c1700000, 0x00000000c1700000|100%|HC|  |TS  0|AC  0|TAMS 0x00000000c1700000, 0x00000000c1700000|
|  23|0x00000000c1700000, 0x00000000c1800000, 0x00000000c1800000|100%| O|  |TS  0|AC  0|TAMS 0x00000000c1800000, 0x00000000c1800000|
|  24|0x00000000c1800000, 0x00000000c1900000, 0x00000000c1900000|100%| O|  |TS  0|AC  0|TAMS 0x00000000c1900000, 0x00000000c1900000|
|  25|0x00000000c1900000, 0x00000000c1a00000, 0x00000000c1a00000|100%| O|  |TS  0|AC  0|TAMS 0x00000000c1a00000, 0x00000000c1a00000|
|  26|0x00000000c1a00000, 0x00000000c1b00000, 0x00000000c1b00000|100%| O|  |TS  0|AC  0|TAMS 0x00000000c1b00000, 0x00000000c1b00000|
|  27|0x00000000c1b00000, 0x00000000c1c00000, 0x00000000c1c00000|100%| O|  |TS  0|AC  0|TAMS 0x00000000c1c00000, 0x00000000c1c00000|
|  28|0x00000000c1c00000, 0x00000000c1d00000, 0x00000000c1d00000|100%| O|  |TS  0|AC  0|TAMS 0x00000000c1d00000, 0x00000000c1d00000|
|  29|0x00000000c1d00000, 0x00000000c1e00000, 0x00000000c1e00000|100%| O|  |TS  0|AC  0|TAMS 0x00000000c1e00000, 0x00000000c1e00000|
|  30|0x00000000c1e00000, 0x00000000c1f00000, 0x00000000c1f00000|100%| O|  |TS  0|AC  0|TAMS 0x00000000c1f00000, 0x00000000c1f00000|
|  31|0x00000000c1f00000, 0x00000000c2000000, 0x00000000c2000000|100%| O|  |TS  0|AC  0|TAMS 0x00000000c2000000, 0x00000000c2000000|
|  32|0x00000000c2000000, 0x00000000c2100000, 0x00000000c2100000|100%| O|  |TS  0|AC  0|TAMS 0x00000000c2100000, 0x00000000c2100000|
|  33|0x00000000c2100000, 0x00000000c2200000, 0x00000000c2200000|100%| O|  |TS  0|AC  0|TAMS 0x00000000c2200000, 0x00000000c2200000|
|  34|0x00000000c2200000, 0x00000000c2300000, 0x00000000c2300000|100%| O|  |TS  0|AC  0|TAMS 0x00000000c2300000, 0x00000000c2300000|
|  35|0x00000000c2300000, 0x00000000c2400000, 0x00000000c2400000|100%| O|  |TS  0|AC  0|TAMS 0x00000000c2400000, 0x00000000c2400000|
|  36|0x00000000c2400000, 0x00000000c2500000, 0x00000000c2500000|100%| O|  |TS  0|AC  0|TAMS 0x00000000c2500000, 0x00000000c2500000|
|  37|0x00000000c2500000, 0x00000000c2600000, 0x00000000c2600000|100%| O|  |TS  0|AC  0|TAMS 0x00000000c2600000, 0x00000000c2600000|
|  38|0x00000000c2600000, 0x00000000c2700000, 0x00000000c2700000|100%| O|  |TS  0|AC  0|TAMS 0x00000000c2700000, 0x00000000c2700000|
|  39|0x00000000c2700000, 0x00000000c2800000, 0x00000000c2800000|100%| O|  |TS  0|AC  0|TAMS 0x00000000c2800000, 0x00000000c2800000|
|  40|0x00000000c2800000, 0x00000000c2900000, 0x00000000c2900000|100%| O|  |TS  0|AC  0|TAMS 0x00000000c2900000, 0x00000000c2900000|
|  41|0x00000000c2900000, 0x00000000c2a00000, 0x00000000c2a00000|100%| O|  |TS  0|AC  0|TAMS 0x00000000c2a00000, 0x00000000c2a00000|
|  42|0x00000000c2a00000, 0x00000000c2b00000, 0x00000000c2b00000|100%| O|  |TS  0|AC  0|TAMS 0x00000000c2b00000, 0x00000000c2b00000|
|  43|0x00000000c2b00000, 0x00000000c2c00000, 0x00000000c2c00000|100%| O|  |TS  0|AC  0|TAMS 0x00000000c2c00000, 0x00000000c2c00000|
|  44|0x00000000c2c00000, 0x00000000c2d00000, 0x00000000c2d00000|100%| O|  |TS  0|AC  0|TAMS 0x00000000c2d00000, 0x00000000c2d00000|
|  45|0x00000000c2d00000, 0x00000000c2e00000, 0x00000000c2e00000|100%| O|  |TS  0|AC  0|TAMS 0x00000000c2e00000, 0x00000000c2e00000|
|  46|0x00000000c2e00000, 0x00000000c2f00000, 0x00000000c2f00000|100%| O|  |TS  0|AC  0|TAMS 0x00000000c2f00000, 0x00000000c2f00000|
|  47|0x00000000c2f00000, 0x00000000c3000000, 0x00000000c3000000|100%| O|  |TS  0|AC  0|TAMS 0x00000000c3000000, 0x00000000c3000000|
|  48|0x00000000c3000000, 0x00000000c3100000, 0x00000000c3100000|100%| O|  |TS  0|AC  0|TAMS 0x00000000c3100000, 0x00000000c3100000|
|  49|0x00000000c3100000, 0x00000000c3200000, 0x00000000c3200000|100%| O|  |TS  0|AC  0|TAMS 0x00000000c3200000, 0x00000000c3200000|
|  50|0x00000000c3200000, 0x00000000c3300000, 0x00000000c3300000|100%| O|  |TS  0|AC  0|TAMS 0x00000000c3300000, 0x00000000c3300000|
|  51|0x00000000c3300000, 0x00000000c3400000, 0x00000000c3400000|100%| O|  |TS  0|AC  0|TAMS 0x00000000c3400000, 0x00000000c3400000|
|  52|0x00000000c3400000, 0x00000000c3500000, 0x00000000c3500000|100%| O|  |TS  0|AC  0|TAMS 0x00000000c3500000, 0x00000000c3500000|
|  53|0x00000000c3500000, 0x00000000c3600000, 0x00000000c3600000|100%| O|  |TS  0|AC  0|TAMS 0x00000000c3600000, 0x00000000c3600000|
|  54|0x00000000c3600000, 0x00000000c3700000, 0x00000000c3700000|100%| O|  |TS  0|AC  0|TAMS 0x00000000c3700000, 0x00000000c3700000|
|  55|0x00000000c3700000, 0x00000000c3800000, 0x00000000c3800000|100%| O|  |TS  0|AC  0|TAMS 0x00000000c3800000, 0x00000000c3800000|
|  56|0x00000000c3800000, 0x00000000c3900000, 0x00000000c3900000|100%|HS|  |TS  0|AC  0|TAMS 0x00000000c3900000, 0x00000000c3900000|
|  57|0x00000000c3900000, 0x00000000c3a00000, 0x00000000c3a00000|100%| O|  |TS  0|AC  0|TAMS 0x00000000c3a00000, 0x00000000c3a00000|
|  58|0x00000000c3a00000, 0x00000000c3b00000, 0x00000000c3b00000|100%| O|  |TS  0|AC  0|TAMS 0x00000000c3b00000, 0x00000000c3b00000|
|  59|0x00000000c3b00000, 0x00000000c3c00000, 0x00000000c3c00000|100%| O|  |TS  0|AC  0|TAMS 0x00000000c3c00000, 0x00000000c3c00000|
|  60|0x00000000c3c00000, 0x00000000c3d00000, 0x00000000c3d00000|100%| O|  |TS  0|AC  0|TAMS 0x00000000c3d00000, 0x00000000c3d00000|
|  61|0x00000000c3d00000, 0x00000000c3e00000, 0x00000000c3e00000|100%|HS|  |TS  0|AC  0|TAMS 0x00000000c3e00000, 0x00000000c3e00000|
|  62|0x00000000c3e00000, 0x00000000c3f00000, 0x00000000c3f00000|100%|HC|  |TS  0|AC  0|TAMS 0x00000000c3f00000, 0x00000000c3f00000|
|  63|0x00000000c3f00000, 0x00000000c4000000, 0x00000000c4000000|100%| O|  |TS  0|AC  0|TAMS 0x00000000c4000000, 0x00000000c4000000|
|  64|0x00000000c4000000, 0x00000000c4100000, 0x00000000c4100000|100%| O|  |TS  0|AC  0|TAMS 0x00000000c4100000, 0x00000000c4100000|
|  65|0x00000000c4100000, 0x00000000c4200000, 0x00000000c4200000|100%| O|  |TS  0|AC  0|TAMS 0x00000000c4200000, 0x00000000c4200000|
|  66|0x00000000c4200000, 0x00000000c4300000, 0x00000000c4300000|100%| O|  |TS  0|AC  0|TAMS 0x00000000c4300000, 0x00000000c4300000|
|  67|0x00000000c4300000, 0x00000000c4400000, 0x00000000c4400000|100%| O|  |TS  0|AC  0|TAMS 0x00000000c4400000, 0x00000000c4400000|
|  68|0x00000000c4400000, 0x00000000c4500000, 0x00000000c4500000|100%| O|  |TS  0|AC  0|TAMS 0x00000000c4500000, 0x00000000c4500000|
|  69|0x00000000c4500000, 0x00000000c4600000, 0x00000000c4600000|100%| O|  |TS  0|AC  0|TAMS 0x00000000c4600000, 0x00000000c4600000|
|  70|0x00000000c4600000, 0x00000000c4700000, 0x00000000c4700000|100%| O|  |TS  2|AC  0|TAMS 0x00000000c4600000, 0x00000000c4600000|
|  71|0x00000000c4700000, 0x00000000c4800000, 0x00000000c4800000|100%| O|  |TS  0|AC  0|TAMS 0x00000000c4800000, 0x00000000c4800000|
|  72|0x00000000c4800000, 0x00000000c4900000, 0x00000000c4900000|100%| O|  |TS  0|AC  0|TAMS 0x00000000c4900000, 0x00000000c4900000|
|  73|0x00000000c4900000, 0x00000000c4a00000, 0x00000000c4a00000|100%| O|  |TS  0|AC  0|TAMS 0x00000000c4a00000, 0x00000000c4a00000|
|  74|0x00000000c4a00000, 0x00000000c4b00000, 0x00000000c4b00000|100%| O|  |TS  0|AC  0|TAMS 0x00000000c4b00000, 0x00000000c4b00000|
|  75|0x00000000c4b00000, 0x00000000c4c00000, 0x00000000c4c00000|100%| O|  |TS  0|AC  0|TAMS 0x00000000c4c00000, 0x00000000c4c00000|
|  76|0x00000000c4c00000, 0x00000000c4d00000, 0x00000000c4d00000|100%| O|  |TS  0|AC  0|TAMS 0x00000000c4d00000, 0x00000000c4d00000|
|  77|0x00000000c4d00000, 0x00000000c4e00000, 0x00000000c4e00000|100%| O|  |TS  0|AC  0|TAMS 0x00000000c4e00000, 0x00000000c4e00000|
|  78|0x00000000c4e00000, 0x00000000c4ea4e00, 0x00000000c4f00000| 64%| O|  |TS 12|AC  0|TAMS 0x00000000c4e00000, 0x00000000c4e00000|
|  79|0x00000000c4f00000, 0x00000000c5000000, 0x00000000c5000000|100%| O|  |TS  0|AC  0|TAMS 0x00000000c5000000, 0x00000000c5000000|
|  80|0x00000000c5000000, 0x00000000c5100000, 0x00000000c5100000|100%| O|  |TS  0|AC  0|TAMS 0x00000000c5100000, 0x00000000c5100000|
|  81|0x00000000c5100000, 0x00000000c5100000, 0x00000000c5200000|  0%| F|  |TS  2|AC  0|TAMS 0x00000000c5100000, 0x00000000c5100000|
|  82|0x00000000c5200000, 0x00000000c5300000, 0x00000000c5300000|100%| O|  |TS  0|AC  0|TAMS 0x00000000c5300000, 0x00000000c5300000|
|  83|0x00000000c5300000, 0x00000000c5400000, 0x00000000c5400000|100%| O|  |TS  0|AC  0|TAMS 0x00000000c5400000, 0x00000000c5400000|
|  84|0x00000000c5400000, 0x00000000c5500000, 0x00000000c5500000|100%| O|  |TS  0|AC  0|TAMS 0x00000000c5500000, 0x00000000c5500000|
|  85|0x00000000c5500000, 0x00000000c5600000, 0x00000000c5600000|100%| O|  |TS  0|AC  0|TAMS 0x00000000c5600000, 0x00000000c5600000|
|  86|0x00000000c5600000, 0x00000000c5700000, 0x00000000c5700000|100%| O|  |TS  0|AC  0|TAMS 0x00000000c5700000, 0x00000000c5700000|
|  87|0x00000000c5700000, 0x00000000c5700000, 0x00000000c5800000|  0%| F|  |TS  2|AC  0|TAMS 0x00000000c5700000, 0x00000000c5700000|
|  88|0x00000000c5800000, 0x00000000c5800000, 0x00000000c5900000|  0%| F|  |TS  2|AC  0|TAMS 0x00000000c5800000, 0x00000000c5800000|
|  89|0x00000000c5900000, 0x00000000c5900000, 0x00000000c5a00000|  0%| F|  |TS  2|AC  0|TAMS 0x00000000c5900000, 0x00000000c5900000|
|  90|0x00000000c5a00000, 0x00000000c5a00000, 0x00000000c5b00000|  0%| F|  |TS  2|AC  0|TAMS 0x00000000c5a00000, 0x00000000c5a00000|
|  91|0x00000000c5b00000, 0x00000000c5c00000, 0x00000000c5c00000|100%| O|  |TS  0|AC  0|TAMS 0x00000000c5c00000, 0x00000000c5c00000|
|  92|0x00000000c5c00000, 0x00000000c5d00000, 0x00000000c5d00000|100%| O|  |TS  0|AC  0|TAMS 0x00000000c5d00000, 0x00000000c5d00000|
|  93|0x00000000c5d00000, 0x00000000c5e00000, 0x00000000c5e00000|100%| O|  |TS  0|AC  0|TAMS 0x00000000c5e00000, 0x00000000c5e00000|
|  94|0x00000000c5e00000, 0x00000000c5f00000, 0x00000000c5f00000|100%| O|  |TS  0|AC  0|TAMS 0x00000000c5f00000, 0x00000000c5f00000|
|  95|0x00000000c5f00000, 0x00000000c6000000, 0x00000000c6000000|100%| O|  |TS  0|AC  0|TAMS 0x00000000c6000000, 0x00000000c6000000|
|  96|0x00000000c6000000, 0x00000000c6100000, 0x00000000c6100000|100%| O|  |TS  0|AC  0|TAMS 0x00000000c6100000, 0x00000000c6100000|
|  97|0x00000000c6100000, 0x00000000c6200000, 0x00000000c6200000|100%| O|  |TS  0|AC  0|TAMS 0x00000000c6200000, 0x00000000c6200000|
|  98|0x00000000c6200000, 0x00000000c6300000, 0x00000000c6300000|100%| O|  |TS  0|AC  0|TAMS 0x00000000c6300000, 0x00000000c6300000|
|  99|0x00000000c6300000, 0x00000000c6400000, 0x00000000c6400000|100%| O|  |TS  0|AC  0|TAMS 0x00000000c6400000, 0x00000000c6400000|
| 100|0x00000000c6400000, 0x00000000c6500000, 0x00000000c6500000|100%| O|  |TS  0|AC  0|TAMS 0x00000000c6500000, 0x00000000c6500000|
| 101|0x00000000c6500000, 0x00000000c6600000, 0x00000000c6600000|100%| O|  |TS  0|AC  0|TAMS 0x00000000c6600000, 0x00000000c6600000|
| 102|0x00000000c6600000, 0x00000000c6700000, 0x00000000c6700000|100%| O|  |TS  0|AC  0|TAMS 0x00000000c6700000, 0x00000000c6700000|
| 103|0x00000000c6700000, 0x00000000c6800000, 0x00000000c6800000|100%| O|  |TS  0|AC  0|TAMS 0x00000000c6800000, 0x00000000c6800000|
| 104|0x00000000c6800000, 0x00000000c6900000, 0x00000000c6900000|100%| O|  |TS  0|AC  0|TAMS 0x00000000c6900000, 0x00000000c6900000|
| 105|0x00000000c6900000, 0x00000000c6a00000, 0x00000000c6a00000|100%| O|  |TS  0|AC  0|TAMS 0x00000000c6a00000, 0x00000000c6a00000|
| 106|0x00000000c6a00000, 0x00000000c6b00000, 0x00000000c6b00000|100%| O|  |TS  0|AC  0|TAMS 0x00000000c6b00000, 0x00000000c6b00000|
| 107|0x00000000c6b00000, 0x00000000c6c00000, 0x00000000c6c00000|100%| O|  |TS  0|AC  0|TAMS 0x00000000c6c00000, 0x00000000c6c00000|
| 108|0x00000000c6c00000, 0x00000000c6d00000, 0x00000000c6d00000|100%| O|  |TS  0|AC  0|TAMS 0x00000000c6d00000, 0x00000000c6d00000|
| 109|0x00000000c6d00000, 0x00000000c6e00000, 0x00000000c6e00000|100%| O|  |TS  0|AC  0|TAMS 0x00000000c6e00000, 0x00000000c6e00000|
| 110|0x00000000c6e00000, 0x00000000c6f00000, 0x00000000c6f00000|100%| O|  |TS  0|AC  0|TAMS 0x00000000c6f00000, 0x00000000c6f00000|
| 111|0x00000000c6f00000, 0x00000000c6f00000, 0x00000000c7000000|  0%| F|  |TS  2|AC  0|TAMS 0x00000000c6f00000, 0x00000000c6f00000|
| 112|0x00000000c7000000, 0x00000000c7100000, 0x00000000c7100000|100%| O|  |TS  2|AC  0|TAMS 0x00000000c7067a00, 0x00000000c7067a00|
| 113|0x00000000c7100000, 0x00000000c7200000, 0x00000000c7200000|100%| O|  |TS  2|AC  0|TAMS 0x00000000c7100000, 0x00000000c7100000|
| 114|0x00000000c7200000, 0x00000000c7200000, 0x00000000c7300000|  0%| F|  |TS  2|AC  0|TAMS 0x00000000c7200000, 0x00000000c7200000|
| 115|0x00000000c7300000, 0x00000000c7300000, 0x00000000c7400000|  0%| F|  |TS  2|AC  0|TAMS 0x00000000c7300000, 0x00000000c7300000|
| 116|0x00000000c7400000, 0x00000000c7500000, 0x00000000c7500000|100%| O|  |TS  0|AC  0|TAMS 0x00000000c7500000, 0x00000000c7500000|
| 117|0x00000000c7500000, 0x00000000c7600000, 0x00000000c7600000|100%| O|  |TS  2|AC  0|TAMS 0x00000000c7500000, 0x00000000c7500000|
| 118|0x00000000c7600000, 0x00000000c7700000, 0x00000000c7700000|100%| O|  |TS  6|AC  0|TAMS 0x00000000c7600000, 0x00000000c7600000|
| 119|0x00000000c7700000, 0x00000000c7700000, 0x00000000c7800000|  0%| F|  |TS  0|AC  0|TAMS 0x00000000c7700000, 0x00000000c7700000|
| 120|0x00000000c7800000, 0x00000000c7800000, 0x00000000c7900000|  0%| F|  |TS  0|AC  0|TAMS 0x00000000c7800000, 0x00000000c7800000|
| 121|0x00000000c7900000, 0x00000000c7900000, 0x00000000c7a00000|  0%| F|  |TS  0|AC  0|TAMS 0x00000000c7900000, 0x00000000c7900000|
| 122|0x00000000c7a00000, 0x00000000c7a00000, 0x00000000c7b00000|  0%| F|  |TS  0|AC  0|TAMS 0x00000000c7a00000, 0x00000000c7a00000|
| 123|0x00000000c7b00000, 0x00000000c7b00000, 0x00000000c7c00000|  0%| F|  |TS  0|AC  0|TAMS 0x00000000c7b00000, 0x00000000c7b00000|
| 124|0x00000000c7c00000, 0x00000000c7c00000, 0x00000000c7d00000|  0%| F|  |TS  0|AC  0|TAMS 0x00000000c7c00000, 0x00000000c7c00000|
| 125|0x00000000c7d00000, 0x00000000c7d00000, 0x00000000c7e00000|  0%| F|  |TS  0|AC  0|TAMS 0x00000000c7d00000, 0x00000000c7d00000|
| 126|0x00000000c7e00000, 0x00000000c7f00000, 0x00000000c7f00000|100%| O|  |TS  0|AC  0|TAMS 0x00000000c7f00000, 0x00000000c7f00000|
| 127|0x00000000c7f00000, 0x00000000c7f00000, 0x00000000c8000000|  0%| F|  |TS  2|AC  0|TAMS 0x00000000c7f00000, 0x00000000c7f00000|
| 128|0x00000000c8000000, 0x00000000c8100000, 0x00000000c8100000|100%|HS|  |TS  0|AC  0|TAMS 0x00000000c8100000, 0x00000000c8100000|
| 129|0x00000000c8100000, 0x00000000c8200000, 0x00000000c8200000|100%|HC|  |TS  0|AC  0|TAMS 0x00000000c8200000, 0x00000000c8200000|
| 130|0x00000000c8200000, 0x00000000c8200000, 0x00000000c8300000|  0%| F|  |TS  2|AC  0|TAMS 0x00000000c8200000, 0x00000000c8200000|
| 131|0x00000000c8300000, 0x00000000c8300000, 0x00000000c8400000|  0%| F|  |TS  0|AC  0|TAMS 0x00000000c8300000, 0x00000000c8300000|
| 132|0x00000000c8400000, 0x00000000c8400000, 0x00000000c8500000|  0%| F|  |TS  2|AC  0|TAMS 0x00000000c8400000, 0x00000000c8400000|
| 133|0x00000000c8500000, 0x00000000c8500000, 0x00000000c8600000|  0%| F|  |TS  2|AC  0|TAMS 0x00000000c8500000, 0x00000000c8500000|
| 134|0x00000000c8600000, 0x00000000c8700000, 0x00000000c8700000|100%| O|  |TS  0|AC  0|TAMS 0x00000000c8700000, 0x00000000c8700000|
| 135|0x00000000c8700000, 0x00000000c8800000, 0x00000000c8800000|100%| O|  |TS  0|AC  0|TAMS 0x00000000c8800000, 0x00000000c8800000|
| 136|0x00000000c8800000, 0x00000000c8800000, 0x00000000c8900000|  0%| F|  |TS  2|AC  0|TAMS 0x00000000c8800000, 0x00000000c8800000|
| 137|0x00000000c8900000, 0x00000000c8900000, 0x00000000c8a00000|  0%| F|  |TS  2|AC  0|TAMS 0x00000000c8900000, 0x00000000c8900000|
| 138|0x00000000c8a00000, 0x00000000c8a00000, 0x00000000c8b00000|  0%| F|  |TS  2|AC  0|TAMS 0x00000000c8a00000, 0x00000000c8a00000|
| 139|0x00000000c8b00000, 0x00000000c8b00000, 0x00000000c8c00000|  0%| F|  |TS  0|AC  0|TAMS 0x00000000c8b00000, 0x00000000c8b00000|
| 140|0x00000000c8c00000, 0x00000000c8c00000, 0x00000000c8d00000|  0%| F|  |TS  0|AC  0|TAMS 0x00000000c8c00000, 0x00000000c8c00000|
| 141|0x00000000c8d00000, 0x00000000c8d00000, 0x00000000c8e00000|  0%| F|  |TS  2|AC  0|TAMS 0x00000000c8d00000, 0x00000000c8d00000|
| 142|0x00000000c8e00000, 0x00000000c8e00000, 0x00000000c8f00000|  0%| F|  |TS  0|AC  0|TAMS 0x00000000c8e00000, 0x00000000c8e00000|
| 143|0x00000000c8f00000, 0x00000000c8f00000, 0x00000000c9000000|  0%| F|  |TS  2|AC  0|TAMS 0x00000000c8f00000, 0x00000000c8f00000|
| 144|0x00000000c9000000, 0x00000000c9000000, 0x00000000c9100000|  0%| F|  |TS  0|AC  0|TAMS 0x00000000c9000000, 0x00000000c9000000|
| 145|0x00000000c9100000, 0x00000000c9100000, 0x00000000c9200000|  0%| F|  |TS  2|AC  0|TAMS 0x00000000c9100000, 0x00000000c9100000|
| 146|0x00000000c9200000, 0x00000000c9200000, 0x00000000c9300000|  0%| F|  |TS  0|AC  0|TAMS 0x00000000c9200000, 0x00000000c9200000|
| 147|0x00000000c9300000, 0x00000000c9300000, 0x00000000c9400000|  0%| F|  |TS  0|AC  0|TAMS 0x00000000c9300000, 0x00000000c9300000|
| 148|0x00000000c9400000, 0x00000000c9400000, 0x00000000c9500000|  0%| F|  |TS  0|AC  0|TAMS 0x00000000c9400000, 0x00000000c9400000|
| 149|0x00000000c9500000, 0x00000000c9500000, 0x00000000c9600000|  0%| F|  |TS  0|AC  0|TAMS 0x00000000c9500000, 0x00000000c9500000|
| 150|0x00000000c9600000, 0x00000000c9600000, 0x00000000c9700000|  0%| F|  |TS  0|AC  0|TAMS 0x00000000c9600000, 0x00000000c9600000|
| 151|0x00000000c9700000, 0x00000000c9700000, 0x00000000c9800000|  0%| F|  |TS  0|AC  0|TAMS 0x00000000c9700000, 0x00000000c9700000|
| 152|0x00000000c9800000, 0x00000000c9800000, 0x00000000c9900000|  0%| F|  |TS  0|AC  0|TAMS 0x00000000c9800000, 0x00000000c9800000|
| 153|0x00000000c9900000, 0x00000000c9900000, 0x00000000c9a00000|  0%| F|  |TS  0|AC  0|TAMS 0x00000000c9900000, 0x00000000c9900000|
| 154|0x00000000c9a00000, 0x00000000c9a00000, 0x00000000c9b00000|  0%| F|  |TS  0|AC  0|TAMS 0x00000000c9a00000, 0x00000000c9a00000|
| 155|0x00000000c9b00000, 0x00000000c9b00000, 0x00000000c9c00000|  0%| F|  |TS  0|AC  0|TAMS 0x00000000c9b00000, 0x00000000c9b00000|
| 156|0x00000000c9c00000, 0x00000000c9c00000, 0x00000000c9d00000|  0%| F|  |TS  0|AC  0|TAMS 0x00000000c9c00000, 0x00000000c9c00000|
| 157|0x00000000c9d00000, 0x00000000c9d00000, 0x00000000c9e00000|  0%| F|  |TS  0|AC  0|TAMS 0x00000000c9d00000, 0x00000000c9d00000|
| 158|0x00000000c9e00000, 0x00000000c9e00000, 0x00000000c9f00000|  0%| F|  |TS  0|AC  0|TAMS 0x00000000c9e00000, 0x00000000c9e00000|
| 159|0x00000000c9f00000, 0x00000000c9f00000, 0x00000000ca000000|  0%| F|  |TS  0|AC  0|TAMS 0x00000000c9f00000, 0x00000000c9f00000|
| 160|0x00000000ca000000, 0x00000000ca000000, 0x00000000ca100000|  0%| F|  |TS  0|AC  0|TAMS 0x00000000ca000000, 0x00000000ca000000|
| 161|0x00000000ca100000, 0x00000000ca100000, 0x00000000ca200000|  0%| F|  |TS  0|AC  0|TAMS 0x00000000ca100000, 0x00000000ca100000|
| 162|0x00000000ca200000, 0x00000000ca200000, 0x00000000ca300000|  0%| F|  |TS  0|AC  0|TAMS 0x00000000ca200000, 0x00000000ca200000|
| 163|0x00000000ca300000, 0x00000000ca300000, 0x00000000ca400000|  0%| F|  |TS  0|AC  0|TAMS 0x00000000ca300000, 0x00000000ca300000|
| 164|0x00000000ca400000, 0x00000000ca400000, 0x00000000ca500000|  0%| F|  |TS  0|AC  0|TAMS 0x00000000ca400000, 0x00000000ca400000|
| 165|0x00000000ca500000, 0x00000000ca500000, 0x00000000ca600000|  0%| F|  |TS  0|AC  0|TAMS 0x00000000ca500000, 0x00000000ca500000|
| 166|0x00000000ca600000, 0x00000000ca600000, 0x00000000ca700000|  0%| F|  |TS  0|AC  0|TAMS 0x00000000ca600000, 0x00000000ca600000|
| 167|0x00000000ca700000, 0x00000000ca700000, 0x00000000ca800000|  0%| F|  |TS  1|AC  0|TAMS 0x00000000ca700000, 0x00000000ca700000|
| 168|0x00000000ca800000, 0x00000000ca800000, 0x00000000ca900000|  0%| F|  |TS  1|AC  0|TAMS 0x00000000ca800000, 0x00000000ca800000|
| 169|0x00000000ca900000, 0x00000000ca900000, 0x00000000caa00000|  0%| F|  |TS  1|AC  0|TAMS 0x00000000ca900000, 0x00000000ca900000|
| 170|0x00000000caa00000, 0x00000000caa00000, 0x00000000cab00000|  0%| F|  |TS  1|AC  0|TAMS 0x00000000caa00000, 0x00000000caa00000|
| 171|0x00000000cab00000, 0x00000000cab00000, 0x00000000cac00000|  0%| F|  |TS  2|AC  0|TAMS 0x00000000cab00000, 0x00000000cab00000|
| 172|0x00000000cac00000, 0x00000000cac00000, 0x00000000cad00000|  0%| F|  |TS  2|AC  0|TAMS 0x00000000cac00000, 0x00000000cac00000|
| 173|0x00000000cad00000, 0x00000000cad00000, 0x00000000cae00000|  0%| F|  |TS  2|AC  0|TAMS 0x00000000cad00000, 0x00000000cad00000|
| 174|0x00000000cae00000, 0x00000000cae00000, 0x00000000caf00000|  0%| F|  |TS  1|AC  0|TAMS 0x00000000cae00000, 0x00000000cae00000|
| 175|0x00000000caf00000, 0x00000000caf00000, 0x00000000cb000000|  0%| F|  |TS  1|AC  0|TAMS 0x00000000caf00000, 0x00000000caf00000|
| 176|0x00000000cb000000, 0x00000000cb000000, 0x00000000cb100000|  0%| F|  |TS  1|AC  0|TAMS 0x00000000cb000000, 0x00000000cb000000|
| 177|0x00000000cb100000, 0x00000000cb100000, 0x00000000cb200000|  0%| F|  |TS  1|AC  0|TAMS 0x00000000cb100000, 0x00000000cb100000|
| 178|0x00000000cb200000, 0x00000000cb200000, 0x00000000cb300000|  0%| F|  |TS  1|AC  0|TAMS 0x00000000cb200000, 0x00000000cb200000|
| 179|0x00000000cb300000, 0x00000000cb300000, 0x00000000cb400000|  0%| F|  |TS  1|AC  0|TAMS 0x00000000cb300000, 0x00000000cb300000|
| 180|0x00000000cb400000, 0x00000000cb400000, 0x00000000cb500000|  0%| F|  |TS  1|AC  0|TAMS 0x00000000cb400000, 0x00000000cb400000|
| 181|0x00000000cb500000, 0x00000000cb500000, 0x00000000cb600000|  0%| F|  |TS  1|AC  0|TAMS 0x00000000cb500000, 0x00000000cb500000|
| 182|0x00000000cb600000, 0x00000000cb600000, 0x00000000cb700000|  0%| F|  |TS  1|AC  0|TAMS 0x00000000cb600000, 0x00000000cb600000|
| 183|0x00000000cb700000, 0x00000000cb700000, 0x00000000cb800000|  0%| F|  |TS  1|AC  0|TAMS 0x00000000cb700000, 0x00000000cb700000|
| 184|0x00000000cb800000, 0x00000000cb800000, 0x00000000cb900000|  0%| F|  |TS  1|AC  0|TAMS 0x00000000cb800000, 0x00000000cb800000|
| 185|0x00000000cb900000, 0x00000000cb900000, 0x00000000cba00000|  0%| F|  |TS  1|AC  0|TAMS 0x00000000cb900000, 0x00000000cb900000|
| 186|0x00000000cba00000, 0x00000000cba00000, 0x00000000cbb00000|  0%| F|  |TS  1|AC  0|TAMS 0x00000000cba00000, 0x00000000cba00000|
| 187|0x00000000cbb00000, 0x00000000cbb00000, 0x00000000cbc00000|  0%| F|  |TS  1|AC  0|TAMS 0x00000000cbb00000, 0x00000000cbb00000|
| 188|0x00000000cbc00000, 0x00000000cbc00000, 0x00000000cbd00000|  0%| F|  |TS  1|AC  0|TAMS 0x00000000cbc00000, 0x00000000cbc00000|
| 189|0x00000000cbd00000, 0x00000000cbd00000, 0x00000000cbe00000|  0%| F|  |TS  1|AC  0|TAMS 0x00000000cbd00000, 0x00000000cbd00000|
| 190|0x00000000cbe00000, 0x00000000cbe00000, 0x00000000cbf00000|  0%| F|  |TS  1|AC  0|TAMS 0x00000000cbe00000, 0x00000000cbe00000|
| 191|0x00000000cbf00000, 0x00000000cbf00000, 0x00000000cc000000|  0%| F|  |TS  1|AC  0|TAMS 0x00000000cbf00000, 0x00000000cbf00000|
| 192|0x00000000cc000000, 0x00000000cc0847b0, 0x00000000cc100000| 51%| S|CS|TS 12|AC  0|TAMS 0x00000000cc000000, 0x00000000cc000000|
| 193|0x00000000cc100000, 0x00000000cc200000, 0x00000000cc200000|100%| S|CS|TS 12|AC  0|TAMS 0x00000000cc100000, 0x00000000cc100000|
| 194|0x00000000cc200000, 0x00000000cc300000, 0x00000000cc300000|100%| S|CS|TS 12|AC  0|TAMS 0x00000000cc200000, 0x00000000cc200000|
| 195|0x00000000cc300000, 0x00000000cc400000, 0x00000000cc400000|100%| S|CS|TS 12|AC  0|TAMS 0x00000000cc300000, 0x00000000cc300000|
| 196|0x00000000cc400000, 0x00000000cc400000, 0x00000000cc500000|  0%| F|  |TS 12|AC  0|TAMS 0x00000000cc400000, 0x00000000cc400000|
| 197|0x00000000cc500000, 0x00000000cc500000, 0x00000000cc600000|  0%| F|  |TS 12|AC  0|TAMS 0x00000000cc500000, 0x00000000cc500000|
| 198|0x00000000cc600000, 0x00000000cc600000, 0x00000000cc700000|  0%| F|  |TS 12|AC  0|TAMS 0x00000000cc600000, 0x00000000cc600000|
| 199|0x00000000cc700000, 0x00000000cc700000, 0x00000000cc800000|  0%| F|  |TS 12|AC  0|TAMS 0x00000000cc700000, 0x00000000cc700000|
| 200|0x00000000cc800000, 0x00000000cc800000, 0x00000000cc900000|  0%| F|  |TS 12|AC  0|TAMS 0x00000000cc800000, 0x00000000cc800000|
| 201|0x00000000cc900000, 0x00000000cc900000, 0x00000000cca00000|  0%| F|  |TS 12|AC  0|TAMS 0x00000000cc900000, 0x00000000cc900000|
| 202|0x00000000cca00000, 0x00000000cca00000, 0x00000000ccb00000|  0%| F|  |TS 12|AC  0|TAMS 0x00000000cca00000, 0x00000000cca00000|
| 203|0x00000000ccb00000, 0x00000000ccb00000, 0x00000000ccc00000|  0%| F|  |TS 12|AC  0|TAMS 0x00000000ccb00000, 0x00000000ccb00000|
| 204|0x00000000ccc00000, 0x00000000ccc00000, 0x00000000ccd00000|  0%| F|  |TS 12|AC  0|TAMS 0x00000000ccc00000, 0x00000000ccc00000|
| 205|0x00000000ccd00000, 0x00000000ccd00000, 0x00000000cce00000|  0%| F|  |TS 12|AC  0|TAMS 0x00000000ccd00000, 0x00000000ccd00000|
| 206|0x00000000cce00000, 0x00000000cce00000, 0x00000000ccf00000|  0%| F|  |TS 12|AC  0|TAMS 0x00000000cce00000, 0x00000000cce00000|
| 207|0x00000000ccf00000, 0x00000000ccf00000, 0x00000000cd000000|  0%| F|  |TS 12|AC  0|TAMS 0x00000000ccf00000, 0x00000000ccf00000|
| 208|0x00000000cd000000, 0x00000000cd000000, 0x00000000cd100000|  0%| F|  |TS 12|AC  0|TAMS 0x00000000cd000000, 0x00000000cd000000|
| 209|0x00000000cd100000, 0x00000000cd100000, 0x00000000cd200000|  0%| F|  |TS 12|AC  0|TAMS 0x00000000cd100000, 0x00000000cd100000|
| 210|0x00000000cd200000, 0x00000000cd200000, 0x00000000cd300000|  0%| F|  |TS 12|AC  0|TAMS 0x00000000cd200000, 0x00000000cd200000|
| 211|0x00000000cd300000, 0x00000000cd300000, 0x00000000cd400000|  0%| F|  |TS 12|AC  0|TAMS 0x00000000cd300000, 0x00000000cd300000|
| 212|0x00000000cd400000, 0x00000000cd400000, 0x00000000cd500000|  0%| F|  |TS 12|AC  0|TAMS 0x00000000cd400000, 0x00000000cd400000|
| 213|0x00000000cd500000, 0x00000000cd500000, 0x00000000cd600000|  0%| F|  |TS 12|AC  0|TAMS 0x00000000cd500000, 0x00000000cd500000|
| 214|0x00000000cd600000, 0x00000000cd600000, 0x00000000cd700000|  0%| F|  |TS 12|AC  0|TAMS 0x00000000cd600000, 0x00000000cd600000|
| 215|0x00000000cd700000, 0x00000000cd700000, 0x00000000cd800000|  0%| F|  |TS 12|AC  0|TAMS 0x00000000cd700000, 0x00000000cd700000|
| 216|0x00000000cd800000, 0x00000000cd800000, 0x00000000cd900000|  0%| F|  |TS 12|AC  0|TAMS 0x00000000cd800000, 0x00000000cd800000|
| 217|0x00000000cd900000, 0x00000000cd900000, 0x00000000cda00000|  0%| F|  |TS 12|AC  0|TAMS 0x00000000cd900000, 0x00000000cd900000|
| 218|0x00000000cda00000, 0x00000000cda00000, 0x00000000cdb00000|  0%| F|  |TS 12|AC  0|TAMS 0x00000000cda00000, 0x00000000cda00000|
| 219|0x00000000cdb00000, 0x00000000cdb00000, 0x00000000cdc00000|  0%| F|  |TS 12|AC  0|TAMS 0x00000000cdb00000, 0x00000000cdb00000|
| 220|0x00000000cdc00000, 0x00000000cdc00000, 0x00000000cdd00000|  0%| F|  |TS 12|AC  0|TAMS 0x00000000cdc00000, 0x00000000cdc00000|
| 221|0x00000000cdd00000, 0x00000000cdd00000, 0x00000000cde00000|  0%| F|  |TS 12|AC  0|TAMS 0x00000000cdd00000, 0x00000000cdd00000|
| 222|0x00000000cde00000, 0x00000000cde00000, 0x00000000cdf00000|  0%| F|  |TS 12|AC  0|TAMS 0x00000000cde00000, 0x00000000cde00000|
| 223|0x00000000cdf00000, 0x00000000cdf00000, 0x00000000ce000000|  0%| F|  |TS 12|AC  0|TAMS 0x00000000cdf00000, 0x00000000cdf00000|
| 224|0x00000000ce000000, 0x00000000ce000000, 0x00000000ce100000|  0%| F|  |TS 12|AC  0|TAMS 0x00000000ce000000, 0x00000000ce000000|
| 225|0x00000000ce100000, 0x00000000ce100000, 0x00000000ce200000|  0%| F|  |TS 12|AC  0|TAMS 0x00000000ce100000, 0x00000000ce100000|
| 226|0x00000000ce200000, 0x00000000ce200000, 0x00000000ce300000|  0%| F|  |TS 12|AC  0|TAMS 0x00000000ce200000, 0x00000000ce200000|
| 227|0x00000000ce300000, 0x00000000ce300000, 0x00000000ce400000|  0%| F|  |TS 12|AC  0|TAMS 0x00000000ce300000, 0x00000000ce300000|
| 228|0x00000000ce400000, 0x00000000ce400000, 0x00000000ce500000|  0%| F|  |TS 12|AC  0|TAMS 0x00000000ce400000, 0x00000000ce400000|
| 229|0x00000000ce500000, 0x00000000ce500000, 0x00000000ce600000|  0%| F|  |TS 12|AC  0|TAMS 0x00000000ce500000, 0x00000000ce500000|
| 230|0x00000000ce600000, 0x00000000ce600000, 0x00000000ce700000|  0%| F|  |TS 12|AC  0|TAMS 0x00000000ce600000, 0x00000000ce600000|
| 231|0x00000000ce700000, 0x00000000ce700000, 0x00000000ce800000|  0%| F|  |TS 12|AC  0|TAMS 0x00000000ce700000, 0x00000000ce700000|
| 232|0x00000000ce800000, 0x00000000ce800000, 0x00000000ce900000|  0%| F|  |TS 12|AC  0|TAMS 0x00000000ce800000, 0x00000000ce800000|
| 233|0x00000000ce900000, 0x00000000ce900000, 0x00000000cea00000|  0%| F|  |TS 12|AC  0|TAMS 0x00000000ce900000, 0x00000000ce900000|
| 234|0x00000000cea00000, 0x00000000cea00000, 0x00000000ceb00000|  0%| F|  |TS 12|AC  0|TAMS 0x00000000cea00000, 0x00000000cea00000|
| 235|0x00000000ceb00000, 0x00000000ceb00000, 0x00000000cec00000|  0%| F|  |TS 12|AC  0|TAMS 0x00000000ceb00000, 0x00000000ceb00000|
| 236|0x00000000cec00000, 0x00000000cec00000, 0x00000000ced00000|  0%| F|  |TS 12|AC  0|TAMS 0x00000000cec00000, 0x00000000cec00000|

Card table byte_map: [0x00007f4ca2661000,0x00007f4ca2861000] byte_map_base: 0x00007f4ca2061000

Marking Bits (Prev, Next): (CMBitMap*) 0x00007f4c9c043d00, (CMBitMap*) 0x00007f4c9c043d38
 Prev Bits: [0x00007f4ca1461000, 0x00007f4ca2461000)
 Next Bits: [0x00007f4ca0461000, 0x00007f4ca1461000)

Polling page: 0x00007f4ca4d1f000

CodeHeap 'non-profiled nmethods': size=120032Kb used=13195Kb max_used=13195Kb free=106836Kb
 bounds [0x00007f4c8b5ee000, 0x00007f4c8c2de000, 0x00007f4c92b26000]
CodeHeap 'profiled nmethods': size=120032Kb used=41052Kb max_used=41052Kb free=78979Kb
 bounds [0x00007f4c840b6000, 0x00007f4c86906000, 0x00007f4c8b5ee000]
CodeHeap 'non-nmethods': size=5696Kb used=2295Kb max_used=2368Kb free=3401Kb
 bounds [0x00007f4c83b26000, 0x00007f4c83d96000, 0x00007f4c840b6000]
 total_blobs=26805 nmethods=17428 adapters=842
 compilation: enabled

Compilation events (10 events):
Event: 344.882 Thread 0x00007f4c9c100000 20864       2       com.android.tools.r8.ir.conversion.IRConverter::lambda$convertClassesToDex$2 (6 bytes)
Event: 344.882 Thread 0x00007f4c9c100000 nmethod 20864 0x00007f4c868ef690 code [0x00007f4c868ef840, 0x00007f4c868ef9a8]
Event: 344.899 Thread 0x00007f4c9c100000 20865       3       com.android.tools.r8.ir.regalloc.LinearScanRegisterAllocator::allocateSingleInterval (797 bytes)
Event: 344.926 Thread 0x00007f4c9c100000 nmethod 20865 0x00007f4c868efa90 code [0x00007f4c868f01a0, 0x00007f4c868f4168]
Event: 344.926 Thread 0x00007f4c9c100000 20866 %     3       com.android.tools.r8.ir.conversion.IRBuilder::addInvoke @ 50 (119 bytes)
Event: 344.928 Thread 0x00007f4c9c100000 nmethod 20866% 0x00007f4c868f5a10 code [0x00007f4c868f5c80, 0x00007f4c868f6798]
Event: 344.928 Thread 0x00007f4c9c100000 20867       2       com.android.tools.r8.ir.conversion.IRConverter$$Lambda$643/1188883796::run (12 bytes)
Event: 344.929 Thread 0x00007f4c9c100000 nmethod 20867 0x00007f4c868f6b10 code [0x00007f4c868f6cc0, 0x00007f4c868f6e48]
Event: 344.929 Thread 0x00007f4c9c100000 20868       2       com.android.tools.r8.ir.conversion.IRConverter$$Lambda$643/1188883796::get$Lambda (10 bytes)
Event: 344.929 Thread 0x00007f4c9c100000 nmethod 20868 0x00007f4c868f6f10 code [0x00007f4c868f70c0, 0x00007f4c868f7310]

GC Heap History (10 events):
Event: 343.373 GC heap after
{Heap after GC invocations=184 (full 0):
 garbage-first heap   total 242688K, used 119224K [0x00000000c0000000, 0x0000000100000000)
  region size 1024K, 2 young (2048K), 2 survivors (2048K)
 Metaspace       used 101248K, capacity 103510K, committed 104144K, reserved 1140736K
  class space    used 11359K, capacity 12207K, committed 12240K, reserved 1048576K
}
Event: 343.497 GC heap before
{Heap before GC invocations=184 (full 0):
 garbage-first heap   total 242688K, used 128440K [0x00000000c0000000, 0x0000000100000000)
  region size 1024K, 11 young (11264K), 2 survivors (2048K)
 Metaspace       used 101251K, capacity 103511K, committed 104144K, reserved 1140736K
  class space    used 11359K, capacity 12207K, committed 12240K, reserved 1048576K
}
Event: 343.511 GC heap after
{Heap after GC invocations=185 (full 0):
 garbage-first heap   total 242688K, used 119363K [0x00000000c0000000, 0x0000000100000000)
  region size 1024K, 1 young (1024K), 1 survivors (1024K)
 Metaspace       used 101251K, capacity 103511K, committed 104144K, reserved 1140736K
  class space    used 11359K, capacity 12207K, committed 12240K, reserved 1048576K
}
Event: 343.739 GC heap before
{Heap before GC invocations=185 (full 0):
 garbage-first heap   total 242688K, used 129603K [0x00000000c0000000, 0x0000000100000000)
  region size 1024K, 11 young (11264K), 1 survivors (1024K)
 Metaspace       used 101257K, capacity 103512K, committed 104144K, reserved 1140736K
  class space    used 11359K, capacity 12207K, committed 12240K, reserved 1048576K
}
Event: 343.764 GC heap after
{Heap after GC invocations=186 (full 0):
 garbage-first heap   total 242688K, used 119710K [0x00000000c0000000, 0x0000000100000000)
  region size 1024K, 2 young (2048K), 2 survivors (2048K)
 Metaspace       used 101257K, capacity 103512K, committed 104144K, reserved 1140736K
  class space    used 11359K, capacity 12207K, committed 12240K, reserved 1048576K
}
Event: 343.995 GC heap before
{Heap before GC invocations=186 (full 0):
 garbage-first heap   total 242688K, used 135070K [0x00000000c0000000, 0x0000000100000000)
  region size 1024K, 17 young (17408K), 2 survivors (2048K)
 Metaspace       used 101266K, capacity 103576K, committed 104144K, reserved 1140736K
  class space    used 11359K, capacity 12207K, committed 12240K, reserved 1048576K
}
Event: 344.015 GC heap after
{Heap after GC invocations=187 (full 0):
 garbage-first heap   total 242688K, used 120236K [0x00000000c0000000, 0x0000000100000000)
  region size 1024K, 2 young (2048K), 2 survivors (2048K)
 Metaspace       used 101266K, capacity 103576K, committed 104144K, reserved 1140736K
  class space    used 11359K, capacity 12207K, committed 12240K, reserved 1048576K
}
Event: 344.399 GC heap before
{Heap before GC invocations=187 (full 0):
 garbage-first heap   total 242688K, used 146860K [0x00000000c0000000, 0x0000000100000000)
  region size 1024K, 28 young (28672K), 2 survivors (2048K)
 Metaspace       used 101272K, capacity 103576K, committed 104144K, reserved 1140736K
  class space    used 11359K, capacity 12207K, committed 12240K, reserved 1048576K
}
Event: 344.433 GC heap after
{Heap after GC invocations=188 (full 0):
 garbage-first heap   total 242688K, used 121035K [0x00000000c0000000, 0x0000000100000000)
  region size 1024K, 3 young (3072K), 3 survivors (3072K)
 Metaspace       used 101272K, capacity 103576K, committed 104144K, reserved 1140736K
  class space    used 11359K, capacity 12207K, committed 12240K, reserved 1048576K
}
Event: 345.062 GC heap before
{Heap before GC invocations=188 (full 0):
 garbage-first heap   total 242688K, used 159947K [0x00000000c0000000, 0x0000000100000000)
  region size 1024K, 41 young (41984K), 3 survivors (3072K)
 Metaspace       used 101309K, capacity 103577K, committed 104144K, reserved 1140736K
  class space    used 11360K, capacity 12207K, committed 12240K, reserved 1048576K
}

Deoptimization events (10 events):
Event: 335.185 Thread 0x00007f4c60046800 Uncommon trap: reason=unstable_if action=reinterpret pc=0x00007f4c8bde7c98 method=java.util.concurrent.ConcurrentHashMap.putVal(Ljava/lang/Object;Ljava/lang/Object;Z)Ljava/lang/Object; @ 162 c2
Event: 335.418 Thread 0x00007f4c60044800 Uncommon trap: reason=unstable_if action=reinterpret pc=0x00007f4c8c251bf4 method=com.android.tools.r8.ir.conversion.JarState$Slot.isReferenceCompatible(Lcom/android/tools/r8/org/objectweb/asm/Type;Lcom/android/tools/r8/org/objectweb/asm/Type;)Z @ 95 c2
Event: 335.438 Thread 0x00007f4c60044800 Uncommon trap: reason=unstable_if action=reinterpret pc=0x00007f4c8c24bfac method=com.android.tools.r8.ir.conversion.JarState$Slot.isReferenceCompatible(Lcom/android/tools/r8/org/objectweb/asm/Type;Lcom/android/tools/r8/org/objectweb/asm/Type;)Z @ 95 c2
Event: 336.425 Thread 0x00007f4c60044800 Uncommon trap: reason=unstable_if action=reinterpret pc=0x00007f4c8c27f594 method=com.android.tools.r8.ir.optimize.MoveEliminator.shouldBeEliminated(Lcom/android/tools/r8/ir/code/Instruction;)Z @ 148 c2
Event: 336.443 Thread 0x00007f4c60044800 Uncommon trap: reason=unstable_if action=reinterpret pc=0x00007f4c8c23fd70 method=com.android.tools.r8.org.objectweb.asm.Type.getType([CI)Lcom/android/tools/r8/org/objectweb/asm/Type; @ 165 c2
Event: 337.048 Thread 0x00007f4c60044800 Uncommon trap: reason=unstable_if action=reinterpret pc=0x00007f4c8c273c10 method=com.android.tools.r8.ir.regalloc.LinearScanRegisterAllocator.updateRegisterHints(Lcom/android/tools/r8/ir/regalloc/LiveIntervals;)V @ 154 c2
Event: 337.342 Thread 0x00007f4c60044800 Uncommon trap: reason=unstable_if action=reinterpret pc=0x00007f4c8c2860ec method=com.android.tools.r8.ir.code.Instruction.identicalAfterRegisterAllocation(Lcom/android/tools/r8/ir/code/Instruction;Lcom/android/tools/r8/ir/regalloc/RegisterAllocator;)Z @ 
Event: 337.361 Thread 0x00007f4c6802e800 Uncommon trap: reason=unstable_if action=reinterpret pc=0x00007f4c8c267250 method=com.android.tools.r8.ir.conversion.JarState.recordStateForTarget(I[Lcom/android/tools/r8/ir/conversion/JarState$Local;Lcom/android/tools/r8/com/google/common/collect/Immutab
Event: 344.033 Thread 0x00007f4c60046800 Uncommon trap: reason=unstable_if action=reinterpret pc=0x00007f4c8c233954 method=com.android.tools.r8.graph.DexString.decode()Ljava/lang/String; @ 53 c2
Event: 344.509 Thread 0x00007f4c60046800 Uncommon trap: reason=unstable_if action=reinterpret pc=0x00007f4c8c2bc884 method=com.android.tools.r8.ir.regalloc.LiveIntervals.nextOverlap(Lcom/android/tools/r8/ir/regalloc/LiveIntervals;)I @ 71 c2

Classes redefined (0 events):
No events

Internal exceptions (10 events):
Event: 331.032 Thread 0x00007f4c1181d800 Exception <a 'sun/nio/fs/UnixException'{0x00000000cc6808d8}> (0x00000000cc6808d8) thrown at [/build/openjdk-10-06delP/openjdk-10-10.0.2+13/src/hotspot/share/prims/jni.cpp, line 611]
Event: 331.067 Thread 0x00007f4c1181d800 Exception <a 'sun/nio/fs/UnixException'{0x00000000cc69af10}> (0x00000000cc69af10) thrown at [/build/openjdk-10-06delP/openjdk-10-10.0.2+13/src/hotspot/share/prims/jni.cpp, line 611]
Event: 331.088 Thread 0x00007f4c1181d800 Exception <a 'sun/nio/fs/UnixException'{0x00000000cc411f88}> (0x00000000cc411f88) thrown at [/build/openjdk-10-06delP/openjdk-10-10.0.2+13/src/hotspot/share/prims/jni.cpp, line 611]
Event: 331.099 Thread 0x00007f4c1181d800 Exception <a 'sun/nio/fs/UnixException'{0x00000000cc435d18}> (0x00000000cc435d18) thrown at [/build/openjdk-10-06delP/openjdk-10-10.0.2+13/src/hotspot/share/prims/jni.cpp, line 611]
Event: 331.133 Thread 0x00007f4c10a4a000 Exception <a 'java/io/IOException'{0x00000000cc369488}> (0x00000000cc369488) thrown at [/build/openjdk-10-06delP/openjdk-10-10.0.2+13/src/hotspot/share/prims/jni.cpp, line 611]
Event: 331.480 Thread 0x00007f4c60044800 Exception <a 'java/lang/NoSuchMethodError'{0x00000000cb454250}: java.lang.invoke.DirectMethodHandle$Holder.invokeStaticInit(Ljava/lang/Object;Ljava/lang/Object;Ljava/lang/Object;)V> (0x00000000cb454250) thrown at [/build/openjdk-10-06delP/openjdk-10-10.0.
Event: 332.067 Thread 0x00007f4c60046800 Exception <a 'java/lang/NoSuchMethodError'{0x00000000cc6d40a0}: method resolution failed> (0x00000000cc6d40a0) thrown at [/build/openjdk-10-06delP/openjdk-10-10.0.2+13/src/hotspot/share/prims/methodHandles.cpp, line 1226]
Event: 333.026 Thread 0x00007f4c60046800 Exception <a 'java/lang/NoSuchMethodError'{0x00000000cb74e0f8}: java.lang.invoke.DirectMethodHandle$Holder.invokeInterface(Ljava/lang/Object;Ljava/lang/Object;I)Ljava/lang/Object;> (0x00000000cb74e0f8) thrown at [/build/openjdk-10-06delP/openjdk-10-10.0.2
Event: 336.133 Thread 0x00007f4c10a4a000 Exception <a 'java/io/IOException'{0x00000000cbbdee40}> (0x00000000cbbdee40) thrown at [/build/openjdk-10-06delP/openjdk-10-10.0.2+13/src/hotspot/share/prims/jni.cpp, line 611]
Event: 342.501 Thread 0x00007f4c10a4a000 Exception <a 'java/io/IOException'{0x00000000cec00fa8}> (0x00000000cec00fa8) thrown at [/build/openjdk-10-06delP/openjdk-10-10.0.2+13/src/hotspot/share/prims/jni.cpp, line 611]

Events (10 events):
Event: 344.817 loading class com/android/tools/r8/graph/DebugLocalInfo$1 done
Event: 344.819 loading class com/android/tools/r8/origin/Origin
Event: 344.819 loading class com/android/tools/r8/origin/Origin done
Event: 344.843 Thread 0x00007f4c6802e800 DEOPT PACKING pc=0x00007f4c868cac11 sp=0x00007f4c01df1e90
Event: 344.843 Thread 0x00007f4c6802e800 DEOPT UNPACKING pc=0x00007f4c83b4d83a sp=0x00007f4c01df13c0 mode 0
Event: 344.906 Thread 0x00007f4c6802e800 DEOPT PACKING pc=0x00007f4c868cac11 sp=0x00007f4c01df21a0
Event: 344.906 Thread 0x00007f4c6802e800 DEOPT UNPACKING pc=0x00007f4c83b4d83a sp=0x00007f4c01df16d0 mode 0
Event: 344.944 Thread 0x00007f4c6802e800 DEOPT PACKING pc=0x00007f4c868cac11 sp=0x00007f4c01df2210
Event: 344.944 Thread 0x00007f4c6802e800 DEOPT UNPACKING pc=0x00007f4c83b4d83a sp=0x00007f4c01df1740 mode 0
Event: 344.981 Executing VM operation: G1IncCollectionPause


Dynamic libraries:
c0000000-ced00000 rw-p 00000000 00:00 0 
e2800000-100000000 ---p 00000000 00:00 0 
100000000-100bf4000 rw-p 00000000 00:00 0 
100bf4000-140000000 ---p 00000000 00:00 0 
55c01e944000-55c01e945000 r--p 00000000 08:01 14431241                   /usr/lib/jvm/java-10-openjdk-amd64/bin/java
55c01e945000-55c01e946000 r-xp 00001000 08:01 14431241                   /usr/lib/jvm/java-10-openjdk-amd64/bin/java
55c01e946000-55c01e947000 r--p 00002000 08:01 14431241                   /usr/lib/jvm/java-10-openjdk-amd64/bin/java
55c01e947000-55c01e948000 r--p 00002000 08:01 14431241                   /usr/lib/jvm/java-10-openjdk-amd64/bin/java
55c01e948000-55c01e949000 rw-p 00003000 08:01 14431241                   /usr/lib/jvm/java-10-openjdk-amd64/bin/java
55c01eaed000-55c01eb31000 rw-p 00000000 00:00 0                          [heap]
7f4bffc29000-7f4bffde9000 rw-p 00000000 00:00 0 
7f4bffde9000-7f4bffe29000 ---p 00000000 00:00 0 
7f4bffe29000-7f4c00029000 rw-p 00000000 00:00 0 
7f4c001a3000-7f4c003a3000 rw-p 00000000 00:00 0 
7f4c003a3000-7f4c005a3000 rw-p 00000000 00:00 0 
7f4c005a3000-7f4c005a7000 ---p 00000000 00:00 0 
7f4c005a7000-7f4c006a4000 rw-p 00000000 00:00 0 
7f4c006a4000-7f4c006a8000 ---p 00000000 00:00 0 
7f4c006a8000-7f4c007a5000 rw-p 00000000 00:00 0 
7f4c007a5000-7f4c007a9000 ---p 00000000 00:00 0 
7f4c007a9000-7f4c008a6000 rw-p 00000000 00:00 0 
7f4c008a6000-7f4c008aa000 ---p 00000000 00:00 0 
7f4c008aa000-7f4c009a7000 rw-p 00000000 00:00 0 
7f4c009a7000-7f4c009ab000 ---p 00000000 00:00 0 
7f4c009ab000-7f4c00ca8000 rw-p 00000000 00:00 0 
7f4c00ca8000-7f4c00ea8000 rw-p 00000000 00:00 0 
7f4c00ea8000-7f4c010a8000 rw-p 00000000 00:00 0 
7f4c010a8000-7f4c012a8000 rw-p 00000000 00:00 0 
7f4c012a8000-7f4c014a8000 rw-p 00000000 00:00 0 
7f4c014a8000-7f4c014ac000 ---p 00000000 00:00 0 
7f4c014ac000-7f4c015a9000 rw-p 00000000 00:00 0 
7f4c015a9000-7f4c015ad000 ---p 00000000 00:00 0 
7f4c015ad000-7f4c016aa000 rw-p 00000000 00:00 0 
7f4c016aa000-7f4c016ae000 ---p 00000000 00:00 0 
7f4c016ae000-7f4c017ab000 rw-p 00000000 00:00 0 
7f4c017ab000-7f4c017af000 ---p 00000000 00:00 0 
7f4c017af000-7f4c018ac000 rw-p 00000000 00:00 0 
7f4c018ac000-7f4c018b0000 ---p 00000000 00:00 0 
7f4c018b0000-7f4c019ad000 rw-p 00000000 00:00 0 
7f4c019ad000-7f4c019b1000 ---p 00000000 00:00 0 
7f4c019b1000-7f4c01aae000 rw-p 00000000 00:00 0 
7f4c01aae000-7f4c01ab2000 ---p 00000000 00:00 0 
7f4c01ab2000-7f4c01baf000 rw-p 00000000 00:00 0 
7f4c01baf000-7f4c01bb3000 ---p 00000000 00:00 0 
7f4c01bb3000-7f4c01bd1000 rw-p 00000000 00:00 0 
7f4c01bd1000-7f4c01bd5000 ---p 00000000 00:00 0 
7f4c01bd5000-7f4c01bf3000 rw-p 00000000 00:00 0 
7f4c01bf3000-7f4c01bf7000 ---p 00000000 00:00 0 
7f4c01bf7000-7f4c01cf4000 rw-p 00000000 00:00 0 
7f4c01cf4000-7f4c01cf8000 ---p 00000000 00:00 0 
7f4c01cf8000-7f4c01df5000 rw-p 00000000 00:00 0 
7f4c01df5000-7f4c01df9000 ---p 00000000 00:00 0 
7f4c01df9000-7f4c01ef6000 rw-p 00000000 00:00 0 
7f4c01ef6000-7f4c01efa000 ---p 00000000 00:00 0 
7f4c01efa000-7f4c021f7000 rw-p 00000000 00:00 0 
7f4c021f7000-7f4c023f7000 rw-p 00000000 00:00 0 
7f4c023f7000-7f4c023fb000 ---p 00000000 00:00 0 
7f4c023fb000-7f4c024f8000 rw-p 00000000 00:00 0 
7f4c024f8000-7f4c024fc000 ---p 00000000 00:00 0 
7f4c024fc000-7f4c025f9000 rw-p 00000000 00:00 0 
7f4c025f9000-7f4c025fd000 ---p 00000000 00:00 0 
7f4c025fd000-7f4c026fa000 rw-p 00000000 00:00 0 
7f4c026fa000-7f4c026fe000 ---p 00000000 00:00 0 
7f4c026fe000-7f4c027fb000 rw-p 00000000 00:00 0 
7f4c027fb000-7f4c027ff000 ---p 00000000 00:00 0 
7f4c027ff000-7f4c02afc000 rw-p 00000000 00:00 0 
7f4c02afc000-7f4c02cfc000 rw-p 00000000 00:00 0 
7f4c02cfc000-7f4c02efc000 rw-p 00000000 00:00 0 
7f4c02efc000-7f4c02efe000 r-xp 00000000 08:01 4457342                    /lib/x86_64-linux-gnu/libnss_mdns4_minimal.so.2
7f4c02efe000-7f4c030fd000 ---p 00002000 08:01 4457342                    /lib/x86_64-linux-gnu/libnss_mdns4_minimal.so.2
7f4c030fd000-7f4c030fe000 r--p 00001000 08:01 4457342                    /lib/x86_64-linux-gnu/libnss_mdns4_minimal.so.2
7f4c030fe000-7f4c030ff000 rw-p 00002000 08:01 4457342                    /lib/x86_64-linux-gnu/libnss_mdns4_minimal.so.2
7f4c030ff000-7f4c032ff000 rw-p 00000000 00:00 0 
7f4c032ff000-7f4c034ff000 rw-p 00000000 00:00 0 
7f4c034ff000-7f4c036ff000 rw-p 00000000 00:00 0 
7f4c036ff000-7f4c038ff000 rw-p 00000000 00:00 0 
7f4c038ff000-7f4c03aff000 rw-p 00000000 00:00 0 
7f4c03aff000-7f4c03cff000 rw-p 00000000 00:00 0 
7f4c03cff000-7f4c03eff000 rw-p 00000000 00:00 0 
7f4c03eff000-7f4c03f03000 ---p 00000000 00:00 0 
7f4c03f03000-7f4c04000000 rw-p 00000000 00:00 0 
7f4c04000000-7f4c04021000 rw-p 00000000 00:00 0 
7f4c04021000-7f4c08000000 ---p 00000000 00:00 0 
7f4c08000000-7f4c08021000 rw-p 00000000 00:00 0 
7f4c08021000-7f4c0c000000 ---p 00000000 00:00 0 
7f4c0c000000-7f4c0c021000 rw-p 00000000 00:00 0 
7f4c0c021000-7f4c10000000 ---p 00000000 00:00 0 
7f4c10000000-7f4c11c5f000 rw-p 00000000 00:00 0 
7f4c11c5f000-7f4c14000000 ---p 00000000 00:00 0 
7f4c14000000-7f4c14036000 rw-p 00000000 00:00 0 
7f4c14036000-7f4c18000000 ---p 00000000 00:00 0 
7f4c18000000-7f4c18022000 rw-p 00000000 00:00 0 
7f4c18022000-7f4c1c000000 ---p 00000000 00:00 0 
7f4c1c000000-7f4c1c060000 rw-p 00000000 00:00 0 
7f4c1c060000-7f4c20000000 ---p 00000000 00:00 0 
7f4c20000000-7f4c2002c000 rw-p 00000000 00:00 0 
7f4c2002c000-7f4c24000000 ---p 00000000 00:00 0 
7f4c24000000-7f4c24021000 rw-p 00000000 00:00 0 
7f4c24021000-7f4c28000000 ---p 00000000 00:00 0 
7f4c28000000-7f4c280aa000 rw-p 00000000 00:00 0 
7f4c280aa000-7f4c2c000000 ---p 00000000 00:00 0 
7f4c2c000000-7f4c2c021000 rw-p 00000000 00:00 0 
7f4c2c021000-7f4c30000000 ---p 00000000 00:00 0 
7f4c30003000-7f4c30007000 ---p 00000000 00:00 0 
7f4c30007000-7f4c30025000 rw-p 00000000 00:00 0 
7f4c30025000-7f4c30029000 r--p 00000000 08:01 4469307                    /lib/x86_64-linux-gnu/libresolv-2.28.so
7f4c30029000-7f4c30036000 r-xp 00004000 08:01 4469307                    /lib/x86_64-linux-gnu/libresolv-2.28.so
7f4c30036000-7f4c3003a000 r--p 00011000 08:01 4469307                    /lib/x86_64-linux-gnu/libresolv-2.28.so
7f4c3003a000-7f4c3003b000 ---p 00015000 08:01 4469307                    /lib/x86_64-linux-gnu/libresolv-2.28.so
7f4c3003b000-7f4c3003c000 r--p 00015000 08:01 4469307                    /lib/x86_64-linux-gnu/libresolv-2.28.so
7f4c3003c000-7f4c3003d000 rw-p 00016000 08:01 4469307                    /lib/x86_64-linux-gnu/libresolv-2.28.so
7f4c3003d000-7f4c3003f000 rw-p 00000000 00:00 0 
7f4c3003f000-7f4c30040000 r--p 00000000 08:01 4469300                    /lib/x86_64-linux-gnu/libnss_dns-2.28.so
7f4c30040000-7f4c30044000 r-xp 00001000 08:01 4469300                    /lib/x86_64-linux-gnu/libnss_dns-2.28.so
7f4c30044000-7f4c30045000 r--p 00005000 08:01 4469300                    /lib/x86_64-linux-gnu/libnss_dns-2.28.so
7f4c30045000-7f4c30046000 r--p 00005000 08:01 4469300                    /lib/x86_64-linux-gnu/libnss_dns-2.28.so
7f4c30046000-7f4c30047000 rw-p 00006000 08:01 4469300                    /lib/x86_64-linux-gnu/libnss_dns-2.28.so
7f4c30065000-7f4c3006c000 r--p 00000000 08:01 14566298                   /usr/lib/jvm/java-10-openjdk-amd64/lib/libsunec.so
7f4c3006c000-7f4c30084000 r-xp 00007000 08:01 14566298                   /usr/lib/jvm/java-10-openjdk-amd64/lib/libsunec.so
7f4c30084000-7f4c3008e000 r--p 0001f000 08:01 14566298                   /usr/lib/jvm/java-10-openjdk-amd64/lib/libsunec.so
7f4c3008e000-7f4c30092000 r--p 00028000 08:01 14566298                   /usr/lib/jvm/java-10-openjdk-amd64/lib/libsunec.so
7f4c30092000-7f4c30093000 rw-p 0002c000 08:01 14566298                   /usr/lib/jvm/java-10-openjdk-amd64/lib/libsunec.so
7f4c30093000-7f4c30097000 ---p 00000000 00:00 0 
7f4c30097000-7f4c30394000 rw-p 00000000 00:00 0 
7f4c30394000-7f4c30594000 rw-p 00000000 00:00 0 
7f4c30594000-7f4c30794000 rw-p 00000000 00:00 0 
7f4c30794000-7f4c30994000 rw-p 00000000 00:00 0 
7f4c30994000-7f4c30998000 ---p 00000000 00:00 0 
7f4c30998000-7f4c30c95000 rw-p 00000000 00:00 0 
7f4c30c95000-7f4c30e95000 rw-p 00000000 00:00 0 
7f4c30e95000-7f4c31095000 rw-p 00000000 00:00 0 
7f4c31095000-7f4c31099000 ---p 00000000 00:00 0 
7f4c31099000-7f4c31196000 rw-p 00000000 00:00 0 
7f4c31196000-7f4c3119a000 ---p 00000000 00:00 0 
7f4c3119a000-7f4c31297000 rw-p 00000000 00:00 0 
7f4c31297000-7f4c3129b000 ---p 00000000 00:00 0 
7f4c3129b000-7f4c31398000 rw-p 00000000 00:00 0 
7f4c31398000-7f4c3139c000 ---p 00000000 00:00 0 
7f4c3139c000-7f4c31699000 rw-p 00000000 00:00 0 
7f4c31699000-7f4c3169d000 ---p 00000000 00:00 0 
7f4c3169d000-7f4c3199a000 rw-p 00000000 00:00 0 
7f4c3199a000-7f4c31b9a000 rw-p 00000000 00:00 0 
7f4c31b9a000-7f4c31d9a000 rw-p 00000000 00:00 0 
7f4c31d9a000-7f4c31f9a000 rw-p 00000000 00:00 0 
7f4c31f9a000-7f4c3219a000 rw-p 00000000 00:00 0 
7f4c3219a000-7f4c3239a000 rw-p 00000000 00:00 0 
7f4c3239a000-7f4c3259a000 rw-p 00000000 00:00 0 
7f4c3259a000-7f4c3259e000 ---p 00000000 00:00 0 
7f4c3259e000-7f4c3289b000 rw-p 00000000 00:00 0 
7f4c3289b000-7f4c3289f000 ---p 00000000 00:00 0 
7f4c3289f000-7f4c3299c000 rw-p 00000000 00:00 0 
7f4c3299c000-7f4c329a0000 ---p 00000000 00:00 0 
7f4c329a0000-7f4c32c9d000 rw-p 00000000 00:00 0 
7f4c32c9d000-7f4c32ca1000 ---p 00000000 00:00 0 
7f4c32ca1000-7f4c32d9e000 rw-p 00000000 00:00 0 
7f4c32d9e000-7f4c32da2000 ---p 00000000 00:00 0 
7f4c32da2000-7f4c32e9f000 rw-p 00000000 00:00 0 
7f4c32e9f000-7f4c32ea3000 ---p 00000000 00:00 0 
7f4c32ea3000-7f4c32fa0000 rw-p 00000000 00:00 0 
7f4c32fa0000-7f4c32fa4000 ---p 00000000 00:00 0 
7f4c32fa4000-7f4c330a1000 rw-p 00000000 00:00 0 
7f4c330a1000-7f4c330a5000 ---p 00000000 00:00 0 
7f4c330a5000-7f4c331a2000 rw-p 00000000 00:00 0 
7f4c331a2000-7f4c331a6000 ---p 00000000 00:00 0 
7f4c331a6000-7f4c332a3000 rw-p 00000000 00:00 0 
7f4c332a3000-7f4c332a7000 ---p 00000000 00:00 0 
7f4c332a7000-7f4c333a4000 rw-p 00000000 00:00 0 
7f4c333a4000-7f4c333ab000 r--s 00000000 08:01 14441103                   /usr/lib/x86_64-linux-gnu/gconv/gconv-modules.cache
7f4c333ab000-7f4c333af000 ---p 00000000 00:00 0 
7f4c333af000-7f4c336ac000 rw-p 00000000 00:00 0 
7f4c336ac000-7f4c338ac000 rw-p 00000000 00:00 0 
7f4c338ac000-7f4c33aac000 rw-p 00000000 00:00 0 
7f4c33aac000-7f4c33ab1000 r-xp 00000000 08:01 15759251                   /root/.gradle/native/25/linux-amd64/libnative-platform.so
7f4c33ab1000-7f4c33cb0000 ---p 00005000 08:01 15759251                   /root/.gradle/native/25/linux-amd64/libnative-platform.so
7f4c33cb0000-7f4c33cb1000 rw-p 00004000 08:01 15759251                   /root/.gradle/native/25/linux-amd64/libnative-platform.so
7f4c33cb1000-7f4c33ce2000 rw-p 00000000 00:00 0 
7f4c33ce2000-7f4c33ce6000 r--p 00000000 08:01 14566292                   /usr/lib/jvm/java-10-openjdk-amd64/lib/libnet.so
7f4c33ce6000-7f4c33cf6000 r-xp 00004000 08:01 14566292                   /usr/lib/jvm/java-10-openjdk-amd64/lib/libnet.so
7f4c33cf6000-7f4c33cfa000 r--p 00014000 08:01 14566292                   /usr/lib/jvm/java-10-openjdk-amd64/lib/libnet.so
7f4c33cfa000-7f4c33cfb000 r--p 00017000 08:01 14566292                   /usr/lib/jvm/java-10-openjdk-amd64/lib/libnet.so
7f4c33cfb000-7f4c33cfc000 rw-p 00018000 08:01 14566292                   /usr/lib/jvm/java-10-openjdk-amd64/lib/libnet.so
7f4c33cfc000-7f4c33d00000 ---p 00000000 00:00 0 
7f4c33d00000-7f4c33dfd000 rw-p 00000000 00:00 0 
7f4c33dfd000-7f4c33dfe000 ---p 00000000 00:00 0 
7f4c33dfe000-7f4c33eff000 rw-p 00000000 00:00 0 
7f4c33eff000-7f4c33f03000 ---p 00000000 00:00 0 
7f4c33f03000-7f4c34000000 rw-p 00000000 00:00 0 
7f4c34000000-7f4c351b7000 rw-p 00000000 00:00 0 
7f4c351b7000-7f4c38000000 ---p 00000000 00:00 0 
7f4c38000000-7f4c38021000 rw-p 00000000 00:00 0 
7f4c38021000-7f4c3c000000 ---p 00000000 00:00 0 
7f4c3c000000-7f4c3eabb000 rw-p 00000000 00:00 0 
7f4c3eabb000-7f4c40000000 ---p 00000000 00:00 0 
7f4c40000000-7f4c424a6000 rw-p 00000000 00:00 0 
7f4c424a6000-7f4c44000000 ---p 00000000 00:00 0 
7f4c44000000-7f4c4403a000 rw-p 00000000 00:00 0 
7f4c4403a000-7f4c48000000 ---p 00000000 00:00 0 
7f4c48000000-7f4c4803a000 rw-p 00000000 00:00 0 
7f4c4803a000-7f4c4c000000 ---p 00000000 00:00 0 
7f4c4c000000-7f4c4c274000 rw-p 00000000 00:00 0 
7f4c4c274000-7f4c50000000 ---p 00000000 00:00 0 
7f4c50000000-7f4c50021000 rw-p 00000000 00:00 0 
7f4c50021000-7f4c54000000 ---p 00000000 00:00 0 
7f4c54000000-7f4c54392000 rw-p 00000000 00:00 0 
7f4c54392000-7f4c58000000 ---p 00000000 00:00 0 
7f4c58000000-7f4c58021000 rw-p 00000000 00:00 0 
7f4c58021000-7f4c5c000000 ---p 00000000 00:00 0 
7f4c5c000000-7f4c5c029000 rw-p 00000000 00:00 0 
7f4c5c029000-7f4c60000000 ---p 00000000 00:00 0 
7f4c60000000-7f4c60268000 rw-p 00000000 00:00 0 
7f4c60268000-7f4c64000000 ---p 00000000 00:00 0 
7f4c64000000-7f4c64ebe000 rw-p 00000000 00:00 0 
7f4c64ebe000-7f4c68000000 ---p 00000000 00:00 0 
7f4c68000000-7f4c68665000 rw-p 00000000 00:00 0 
7f4c68665000-7f4c6c000000 ---p 00000000 00:00 0 
7f4c6c000000-7f4c6c096000 rw-p 00000000 00:00 0 
7f4c6c096000-7f4c70000000 ---p 00000000 00:00 0 
7f4c70000000-7f4c70e43000 rw-p 00000000 00:00 0 
7f4c70e43000-7f4c74000000 ---p 00000000 00:00 0 
7f4c74000000-7f4c740a3000 rw-p 00000000 00:00 0 
7f4c740a3000-7f4c78000000 ---p 00000000 00:00 0 
7f4c78000000-7f4c78084000 rw-p 00000000 00:00 0 
7f4c78084000-7f4c7c000000 ---p 00000000 00:00 0 
7f4c7c000000-7f4c7c0a4000 rw-p 00000000 00:00 0 
7f4c7c0a4000-7f4c80000000 ---p 00000000 00:00 0 
7f4c80002000-7f4c80003000 r--p 00000000 08:01 14566273                   /usr/lib/jvm/java-10-openjdk-amd64/lib/libextnet.so
7f4c80003000-7f4c80004000 r-xp 00001000 08:01 14566273                   /usr/lib/jvm/java-10-openjdk-amd64/lib/libextnet.so
7f4c80004000-7f4c80005000 r--p 00002000 08:01 14566273                   /usr/lib/jvm/java-10-openjdk-amd64/lib/libextnet.so
7f4c80005000-7f4c80006000 r--p 00002000 08:01 14566273                   /usr/lib/jvm/java-10-openjdk-amd64/lib/libextnet.so
7f4c80006000-7f4c80007000 rw-p 00003000 08:01 14566273                   /usr/lib/jvm/java-10-openjdk-amd64/lib/libextnet.so
7f4c80007000-7f4c80009000 r--p 00000000 08:01 14566290                   /usr/lib/jvm/java-10-openjdk-amd64/lib/libmanagement_ext.so
7f4c80009000-7f4c8000c000 r-xp 00002000 08:01 14566290                   /usr/lib/jvm/java-10-openjdk-amd64/lib/libmanagement_ext.so
7f4c8000c000-7f4c8000d000 r--p 00005000 08:01 14566290                   /usr/lib/jvm/java-10-openjdk-amd64/lib/libmanagement_ext.so
7f4c8000d000-7f4c8000e000 ---p 00006000 08:01 14566290                   /usr/lib/jvm/java-10-openjdk-amd64/lib/libmanagement_ext.so
7f4c8000e000-7f4c8000f000 r--p 00006000 08:01 14566290                   /usr/lib/jvm/java-10-openjdk-amd64/lib/libmanagement_ext.so
7f4c8000f000-7f4c80010000 rw-p 00007000 08:01 14566290                   /usr/lib/jvm/java-10-openjdk-amd64/lib/libmanagement_ext.so
7f4c80010000-7f4c80013000 r--p 00000000 08:01 14566288                   /usr/lib/jvm/java-10-openjdk-amd64/lib/libmanagement.so
7f4c80013000-7f4c80014000 r-xp 00003000 08:01 14566288                   /usr/lib/jvm/java-10-openjdk-amd64/lib/libmanagement.so
7f4c80014000-7f4c80015000 r--p 00004000 08:01 14566288                   /usr/lib/jvm/java-10-openjdk-amd64/lib/libmanagement.so
7f4c80015000-7f4c80016000 r--p 00004000 08:01 14566288                   /usr/lib/jvm/java-10-openjdk-amd64/lib/libmanagement.so
7f4c80016000-7f4c80017000 rw-p 00005000 08:01 14566288                   /usr/lib/jvm/java-10-openjdk-amd64/lib/libmanagement.so
7f4c80017000-7f4c8001e000 r--p 00000000 08:01 14566293                   /usr/lib/jvm/java-10-openjdk-amd64/lib/libnio.so
7f4c8001e000-7f4c80026000 r-xp 00007000 08:01 14566293                   /usr/lib/jvm/java-10-openjdk-amd64/lib/libnio.so
7f4c80026000-7f4c80029000 r--p 0000f000 08:01 14566293                   /usr/lib/jvm/java-10-openjdk-amd64/lib/libnio.so
7f4c80029000-7f4c8002a000 r--p 00011000 08:01 14566293                   /usr/lib/jvm/java-10-openjdk-amd64/lib/libnio.so
7f4c8002a000-7f4c8002b000 rw-p 00012000 08:01 14566293                   /usr/lib/jvm/java-10-openjdk-amd64/lib/libnio.so
7f4c8002b000-7f4c8002f000 ---p 00000000 00:00 0 
7f4c8002f000-7f4c8012c000 rw-p 00000000 00:00 0 
7f4c8012c000-7f4c80130000 ---p 00000000 00:00 0 
7f4c80130000-7f4c8022d000 rw-p 00000000 00:00 0 
7f4c8022d000-7f4c80231000 ---p 00000000 00:00 0 
7f4c80231000-7f4c8032e000 rw-p 00000000 00:00 0 
7f4c8032e000-7f4c80332000 ---p 00000000 00:00 0 
7f4c80332000-7f4c8042f000 rw-p 00000000 00:00 0 
7f4c8042f000-7f4c80433000 ---p 00000000 00:00 0 
7f4c80433000-7f4c80530000 rw-p 00000000 00:00 0 
7f4c80530000-7f4c80815000 r--p 00000000 08:01 14287703                   /usr/lib/locale/locale-archive
7f4c80815000-7f4c80819000 ---p 00000000 00:00 0 
7f4c80819000-7f4c80916000 rw-p 00000000 00:00 0 
7f4c80916000-7f4c8091a000 ---p 00000000 00:00 0 
7f4c8091a000-7f4c80a17000 rw-p 00000000 00:00 0 
7f4c80a17000-7f4c80a18000 ---p 00000000 00:00 0 
7f4c80a18000-7f4c81319000 rw-p 00000000 00:00 0 
7f4c81319000-7f4c8131a000 ---p 00000000 00:00 0 
7f4c8131a000-7f4c8141b000 rw-p 00000000 00:00 0 
7f4c8141b000-7f4c8141c000 ---p 00000000 00:00 0 
7f4c8141c000-7f4c8151d000 rw-p 00000000 00:00 0 
7f4c8151d000-7f4c8151e000 ---p 00000000 00:00 0 
7f4c8151e000-7f4c8161f000 rw-p 00000000 00:00 0 
7f4c8161f000-7f4c81620000 ---p 00000000 00:00 0 
7f4c81620000-7f4c81721000 rw-p 00000000 00:00 0 
7f4c81721000-7f4c81722000 ---p 00000000 00:00 0 
7f4c81722000-7f4c83b26000 rw-p 00000000 00:00 0 
7f4c83b26000-7f4c83d96000 rwxp 00000000 00:00 0 
7f4c83d96000-7f4c840b6000 ---p 00000000 00:00 0 
7f4c840b6000-7f4c86906000 rwxp 00000000 00:00 0 
7f4c86906000-7f4c8b5ee000 ---p 00000000 00:00 0 
7f4c8b5ee000-7f4c8c2de000 rwxp 00000000 00:00 0 
7f4c8c2de000-7f4c92b26000 ---p 00000000 00:00 0 
7f4c92b26000-7f4c9c000000 r--s 00000000 08:01 14566302                   /usr/lib/jvm/java-10-openjdk-amd64/lib/modules
7f4c9c000000-7f4c9ce42000 rw-p 00000000 00:00 0 
7f4c9ce42000-7f4ca0000000 ---p 00000000 00:00 0 
7f4ca0000000-7f4ca01fa000 rw-p 00000000 00:00 0 
7f4ca01fa000-7f4ca01fb000 ---p 00000000 00:00 0 
7f4ca01fb000-7f4ca02fc000 rw-p 00000000 00:00 0 
7f4ca02fc000-7f4ca02fd000 ---p 00000000 00:00 0 
7f4ca02fd000-7f4ca0815000 rw-p 00000000 00:00 0 
7f4ca0815000-7f4ca1461000 ---p 00000000 00:00 0 
7f4ca1461000-7f4ca1815000 rw-p 00000000 00:00 0 
7f4ca1815000-7f4ca2461000 ---p 00000000 00:00 0 
7f4ca2461000-7f4ca24d8000 rw-p 00000000 00:00 0 
7f4ca24d8000-7f4ca2661000 ---p 00000000 00:00 0 
7f4ca2661000-7f4ca26d8000 rw-p 00000000 00:00 0 
7f4ca26d8000-7f4ca2861000 ---p 00000000 00:00 0 
7f4ca2861000-7f4ca28d8000 rw-p 00000000 00:00 0 
7f4ca28d8000-7f4ca2a61000 ---p 00000000 00:00 0 
7f4ca2a61000-7f4ca2e65000 rw-p 00000000 00:00 0 
7f4ca2e65000-7f4ca2e66000 ---p 00000000 00:00 0 
7f4ca2e66000-7f4ca2f67000 rw-p 00000000 00:00 0 
7f4ca2f67000-7f4ca2f68000 ---p 00000000 00:00 0 
7f4ca2f68000-7f4ca3069000 rw-p 00000000 00:00 0 
7f4ca3069000-7f4ca306a000 ---p 00000000 00:00 0 
7f4ca306a000-7f4ca316b000 rw-p 00000000 00:00 0 
7f4ca316b000-7f4ca316c000 ---p 00000000 00:00 0 
7f4ca316c000-7f4ca3287000 rw-p 00000000 00:00 0 
7f4ca3287000-7f4ca3358000 ---p 00000000 00:00 0 
7f4ca3358000-7f4ca33a9000 rw-p 00000000 00:00 0 
7f4ca33a9000-7f4ca3443000 ---p 00000000 00:00 0 
7f4ca3443000-7f4ca3448000 rw-p 00000000 00:00 0 
7f4ca3448000-7f4ca344f000 ---p 00000000 00:00 0 
7f4ca344f000-7f4ca3452000 r--p 00000000 08:01 4469301                    /lib/x86_64-linux-gnu/libnss_files-2.28.so
7f4ca3452000-7f4ca3459000 r-xp 00003000 08:01 4469301                    /lib/x86_64-linux-gnu/libnss_files-2.28.so
7f4ca3459000-7f4ca345c000 r--p 0000a000 08:01 4469301                    /lib/x86_64-linux-gnu/libnss_files-2.28.so
7f4ca345c000-7f4ca345d000 r--p 0000c000 08:01 4469301                    /lib/x86_64-linux-gnu/libnss_files-2.28.so
7f4ca345d000-7f4ca345e000 rw-p 0000d000 08:01 4469301                    /lib/x86_64-linux-gnu/libnss_files-2.28.so
7f4ca345e000-7f4ca3464000 rw-p 00000000 00:00 0 
7f4ca3464000-7f4ca3468000 r--p 00000000 08:01 4469298                    /lib/x86_64-linux-gnu/libnsl-2.28.so
7f4ca3468000-7f4ca3474000 r-xp 00004000 08:01 4469298                    /lib/x86_64-linux-gnu/libnsl-2.28.so
7f4ca3474000-7f4ca3479000 r--p 00010000 08:01 4469298                    /lib/x86_64-linux-gnu/libnsl-2.28.so
7f4ca3479000-7f4ca347a000 r--p 00014000 08:01 4469298                    /lib/x86_64-linux-gnu/libnsl-2.28.so
7f4ca347a000-7f4ca347b000 rw-p 00015000 08:01 4469298                    /lib/x86_64-linux-gnu/libnsl-2.28.so
7f4ca347b000-7f4ca347d000 rw-p 00000000 00:00 0 
7f4ca347d000-7f4ca347f000 r--p 00000000 08:01 4469303                    /lib/x86_64-linux-gnu/libnss_nis-2.28.so
7f4ca347f000-7f4ca3486000 r-xp 00002000 08:01 4469303                    /lib/x86_64-linux-gnu/libnss_nis-2.28.so
7f4ca3486000-7f4ca3488000 r--p 00009000 08:01 4469303                    /lib/x86_64-linux-gnu/libnss_nis-2.28.so
7f4ca3488000-7f4ca3489000 r--p 0000a000 08:01 4469303                    /lib/x86_64-linux-gnu/libnss_nis-2.28.so
7f4ca3489000-7f4ca348a000 rw-p 0000b000 08:01 4469303                    /lib/x86_64-linux-gnu/libnss_nis-2.28.so
7f4ca348c000-7f4ca348d000 rw-p 00000000 00:00 0 
7f4ca348d000-7f4ca348f000 r--p 00000000 08:01 14566284                   /usr/lib/jvm/java-10-openjdk-amd64/lib/libjimage.so
7f4ca348f000-7f4ca3492000 r-xp 00002000 08:01 14566284                   /usr/lib/jvm/java-10-openjdk-amd64/lib/libjimage.so
7f4ca3492000-7f4ca3494000 r--p 00005000 08:01 14566284                   /usr/lib/jvm/java-10-openjdk-amd64/lib/libjimage.so
7f4ca3494000-7f4ca3495000 r--p 00006000 08:01 14566284                   /usr/lib/jvm/java-10-openjdk-amd64/lib/libjimage.so
7f4ca3495000-7f4ca3496000 rw-p 00007000 08:01 14566284                   /usr/lib/jvm/java-10-openjdk-amd64/lib/libjimage.so
7f4ca3496000-7f4ca3498000 r--p 00000000 08:01 14566301                   /usr/lib/jvm/java-10-openjdk-amd64/lib/libzip.so
7f4ca3498000-7f4ca349c000 r-xp 00002000 08:01 14566301                   /usr/lib/jvm/java-10-openjdk-amd64/lib/libzip.so
7f4ca349c000-7f4ca349d000 r--p 00006000 08:01 14566301                   /usr/lib/jvm/java-10-openjdk-amd64/lib/libzip.so
7f4ca349d000-7f4ca349e000 ---p 00007000 08:01 14566301                   /usr/lib/jvm/java-10-openjdk-amd64/lib/libzip.so
7f4ca349e000-7f4ca349f000 r--p 00007000 08:01 14566301                   /usr/lib/jvm/java-10-openjdk-amd64/lib/libzip.so
7f4ca349f000-7f4ca34a0000 rw-p 00008000 08:01 14566301                   /usr/lib/jvm/java-10-openjdk-amd64/lib/libzip.so
7f4ca34a0000-7f4ca34a8000 rw-s 00000000 08:01 11937613                   /tmp/hsperfdata_root/21781
7f4ca34a8000-7f4ca34b5000 r--p 00000000 08:01 14566280                   /usr/lib/jvm/java-10-openjdk-amd64/lib/libjava.so
7f4ca34b5000-7f4ca34cd000 r-xp 0000d000 08:01 14566280                   /usr/lib/jvm/java-10-openjdk-amd64/lib/libjava.so
7f4ca34cd000-7f4ca34d4000 r--p 00025000 08:01 14566280                   /usr/lib/jvm/java-10-openjdk-amd64/lib/libjava.so
7f4ca34d4000-7f4ca34d5000 r--p 0002b000 08:01 14566280                   /usr/lib/jvm/java-10-openjdk-amd64/lib/libjava.so
7f4ca34d5000-7f4ca34d7000 rw-p 0002c000 08:01 14566280                   /usr/lib/jvm/java-10-openjdk-amd64/lib/libjava.so
7f4ca34d7000-7f4ca34d9000 r--p 00000000 08:01 4469308                    /lib/x86_64-linux-gnu/librt-2.28.so
7f4ca34d9000-7f4ca34dd000 r-xp 00002000 08:01 4469308                    /lib/x86_64-linux-gnu/librt-2.28.so
7f4ca34dd000-7f4ca34df000 r--p 00006000 08:01 4469308                    /lib/x86_64-linux-gnu/librt-2.28.so
7f4ca34df000-7f4ca34e0000 r--p 00007000 08:01 4469308                    /lib/x86_64-linux-gnu/librt-2.28.so
7f4ca34e0000-7f4ca34e1000 rw-p 00008000 08:01 4469308                    /lib/x86_64-linux-gnu/librt-2.28.so
7f4ca34e1000-7f4ca34e5000 ---p 00000000 00:00 0 
7f4ca34e5000-7f4ca35e2000 rw-p 00000000 00:00 0 
7f4ca35e2000-7f4ca35e5000 r--p 00000000 08:01 4463988                    /lib/x86_64-linux-gnu/libgcc_s.so.1
7f4ca35e5000-7f4ca35f6000 r-xp 00003000 08:01 4463988                    /lib/x86_64-linux-gnu/libgcc_s.so.1
7f4ca35f6000-7f4ca35f9000 r--p 00014000 08:01 4463988                    /lib/x86_64-linux-gnu/libgcc_s.so.1
7f4ca35f9000-7f4ca35fa000 ---p 00017000 08:01 4463988                    /lib/x86_64-linux-gnu/libgcc_s.so.1
7f4ca35fa000-7f4ca35fb000 r--p 00017000 08:01 4463988                    /lib/x86_64-linux-gnu/libgcc_s.so.1
7f4ca35fb000-7f4ca35fc000 rw-p 00018000 08:01 4463988                    /lib/x86_64-linux-gnu/libgcc_s.so.1
7f4ca35fc000-7f4ca3609000 r--p 00000000 08:01 4469295                    /lib/x86_64-linux-gnu/libm-2.28.so
7f4ca3609000-7f4ca36a8000 r-xp 0000d000 08:01 4469295                    /lib/x86_64-linux-gnu/libm-2.28.so
7f4ca36a8000-7f4ca377d000 r--p 000ac000 08:01 4469295                    /lib/x86_64-linux-gnu/libm-2.28.so
7f4ca377d000-7f4ca377e000 r--p 00180000 08:01 4469295                    /lib/x86_64-linux-gnu/libm-2.28.so
7f4ca377e000-7f4ca377f000 rw-p 00181000 08:01 4469295                    /lib/x86_64-linux-gnu/libm-2.28.so
7f4ca377f000-7f4ca3808000 r--p 00000000 08:01 14421310                   /usr/lib/x86_64-linux-gnu/libstdc++.so.6.0.25
7f4ca3808000-7f4ca38b4000 r-xp 00089000 08:01 14421310                   /usr/lib/x86_64-linux-gnu/libstdc++.so.6.0.25
7f4ca38b4000-7f4ca38f2000 r--p 00135000 08:01 14421310                   /usr/lib/x86_64-linux-gnu/libstdc++.so.6.0.25
7f4ca38f2000-7f4ca38f3000 ---p 00173000 08:01 14421310                   /usr/lib/x86_64-linux-gnu/libstdc++.so.6.0.25
7f4ca38f3000-7f4ca38fd000 r--p 00173000 08:01 14421310                   /usr/lib/x86_64-linux-gnu/libstdc++.so.6.0.25
7f4ca38fd000-7f4ca38ff000 rw-p 0017d000 08:01 14421310                   /usr/lib/x86_64-linux-gnu/libstdc++.so.6.0.25
7f4ca38ff000-7f4ca3902000 rw-p 00000000 00:00 0 
7f4ca3902000-7f4ca3b85000 r--p 00000000 08:01 14566307                   /usr/lib/jvm/java-10-openjdk-amd64/lib/server/libjvm.so
7f4ca3b85000-7f4ca45a6000 r-xp 00283000 08:01 14566307                   /usr/lib/jvm/java-10-openjdk-amd64/lib/server/libjvm.so
7f4ca45a6000-7f4ca47b5000 r--p 00ca4000 08:01 14566307                   /usr/lib/jvm/java-10-openjdk-amd64/lib/server/libjvm.so
7f4ca47b5000-7f4ca47b6000 ---p 00eb3000 08:01 14566307                   /usr/lib/jvm/java-10-openjdk-amd64/lib/server/libjvm.so
7f4ca47b6000-7f4ca487a000 r--p 00eb3000 08:01 14566307                   /usr/lib/jvm/java-10-openjdk-amd64/lib/server/libjvm.so
7f4ca487a000-7f4ca48b2000 rw-p 00f77000 08:01 14566307                   /usr/lib/jvm/java-10-openjdk-amd64/lib/server/libjvm.so
7f4ca48b2000-7f4ca48fd000 rw-p 00000000 00:00 0 
7f4ca48fd000-7f4ca491f000 r--p 00000000 08:01 4469292                    /lib/x86_64-linux-gnu/libc-2.28.so
7f4ca491f000-7f4ca4a67000 r-xp 00022000 08:01 4469292                    /lib/x86_64-linux-gnu/libc-2.28.so
7f4ca4a67000-7f4ca4ab3000 r--p 0016a000 08:01 4469292                    /lib/x86_64-linux-gnu/libc-2.28.so
7f4ca4ab3000-7f4ca4ab4000 ---p 001b6000 08:01 4469292                    /lib/x86_64-linux-gnu/libc-2.28.so
7f4ca4ab4000-7f4ca4ab8000 r--p 001b6000 08:01 4469292                    /lib/x86_64-linux-gnu/libc-2.28.so
7f4ca4ab8000-7f4ca4aba000 rw-p 001ba000 08:01 4469292                    /lib/x86_64-linux-gnu/libc-2.28.so
7f4ca4aba000-7f4ca4abe000 rw-p 00000000 00:00 0 
7f4ca4abe000-7f4ca4abf000 r--p 00000000 08:01 4469294                    /lib/x86_64-linux-gnu/libdl-2.28.so
7f4ca4abf000-7f4ca4ac0000 r-xp 00001000 08:01 4469294                    /lib/x86_64-linux-gnu/libdl-2.28.so
7f4ca4ac0000-7f4ca4ac1000 r--p 00002000 08:01 4469294                    /lib/x86_64-linux-gnu/libdl-2.28.so
7f4ca4ac1000-7f4ca4ac2000 r--p 00002000 08:01 4469294                    /lib/x86_64-linux-gnu/libdl-2.28.so
7f4ca4ac2000-7f4ca4ac3000 rw-p 00003000 08:01 4469294                    /lib/x86_64-linux-gnu/libdl-2.28.so
7f4ca4ac3000-7f4ca4ac6000 r--p 00000000 08:01 14566265                   /usr/lib/jvm/java-10-openjdk-amd64/lib/jli/libjli.so
7f4ca4ac6000-7f4ca4acf000 r-xp 00003000 08:01 14566265                   /usr/lib/jvm/java-10-openjdk-amd64/lib/jli/libjli.so
7f4ca4acf000-7f4ca4ad2000 r--p 0000c000 08:01 14566265                   /usr/lib/jvm/java-10-openjdk-amd64/lib/jli/libjli.so
7f4ca4ad2000-7f4ca4ad3000 r--p 0000e000 08:01 14566265                   /usr/lib/jvm/java-10-openjdk-amd64/lib/jli/libjli.so
7f4ca4ad3000-7f4ca4ad4000 rw-p 0000f000 08:01 14566265                   /usr/lib/jvm/java-10-openjdk-amd64/lib/jli/libjli.so
7f4ca4ad4000-7f4ca4ada000 r--p 00000000 08:01 4469306                    /lib/x86_64-linux-gnu/libpthread-2.28.so
7f4ca4ada000-7f4ca4ae9000 r-xp 00006000 08:01 4469306                    /lib/x86_64-linux-gnu/libpthread-2.28.so
7f4ca4ae9000-7f4ca4aef000 r--p 00015000 08:01 4469306                    /lib/x86_64-linux-gnu/libpthread-2.28.so
7f4ca4aef000-7f4ca4af0000 r--p 0001a000 08:01 4469306                    /lib/x86_64-linux-gnu/libpthread-2.28.so
7f4ca4af0000-7f4ca4af1000 rw-p 0001b000 08:01 4469306                    /lib/x86_64-linux-gnu/libpthread-2.28.so
7f4ca4af1000-7f4ca4af5000 rw-p 00000000 00:00 0 
7f4ca4af5000-7f4ca4b11000 r-xp 00000000 08:01 4457417                    /lib/x86_64-linux-gnu/libz.so.1.2.11
7f4ca4b11000-7f4ca4d10000 ---p 0001c000 08:01 4457417                    /lib/x86_64-linux-gnu/libz.so.1.2.11
7f4ca4d10000-7f4ca4d11000 r--p 0001b000 08:01 4457417                    /lib/x86_64-linux-gnu/libz.so.1.2.11
7f4ca4d11000-7f4ca4d12000 rw-p 0001c000 08:01 4457417                    /lib/x86_64-linux-gnu/libz.so.1.2.11
7f4ca4d12000-7f4ca4d14000 rw-p 00000000 00:00 0 
7f4ca4d14000-7f4ca4d16000 r--p 00000000 08:01 4469299                    /lib/x86_64-linux-gnu/libnss_compat-2.28.so
7f4ca4d16000-7f4ca4d1b000 r-xp 00002000 08:01 4469299                    /lib/x86_64-linux-gnu/libnss_compat-2.28.so
7f4ca4d1b000-7f4ca4d1d000 r--p 00007000 08:01 4469299                    /lib/x86_64-linux-gnu/libnss_compat-2.28.so
7f4ca4d1d000-7f4ca4d1e000 r--p 00008000 08:01 4469299                    /lib/x86_64-linux-gnu/libnss_compat-2.28.so
7f4ca4d1e000-7f4ca4d1f000 rw-p 00009000 08:01 4469299                    /lib/x86_64-linux-gnu/libnss_compat-2.28.so
7f4ca4d1f000-7f4ca4d20000 ---p 00000000 00:00 0 
7f4ca4d20000-7f4ca4d21000 r--p 00000000 00:00 0 
7f4ca4d21000-7f4ca4d26000 r--p 00000000 08:01 14566300                   /usr/lib/jvm/java-10-openjdk-amd64/lib/libverify.so
7f4ca4d26000-7f4ca4d2d000 r-xp 00005000 08:01 14566300                   /usr/lib/jvm/java-10-openjdk-amd64/lib/libverify.so
7f4ca4d2d000-7f4ca4d2f000 r--p 0000c000 08:01 14566300                   /usr/lib/jvm/java-10-openjdk-amd64/lib/libverify.so
7f4ca4d2f000-7f4ca4d31000 r--p 0000d000 08:01 14566300                   /usr/lib/jvm/java-10-openjdk-amd64/lib/libverify.so
7f4ca4d31000-7f4ca4d32000 rw-p 0000f000 08:01 14566300                   /usr/lib/jvm/java-10-openjdk-amd64/lib/libverify.so
7f4ca4d32000-7f4ca4d33000 r--p 00000000 08:01 4469275                    /lib/x86_64-linux-gnu/ld-2.28.so
7f4ca4d33000-7f4ca4d51000 r-xp 00001000 08:01 4469275                    /lib/x86_64-linux-gnu/ld-2.28.so
7f4ca4d51000-7f4ca4d59000 r--p 0001f000 08:01 4469275                    /lib/x86_64-linux-gnu/ld-2.28.so
7f4ca4d59000-7f4ca4d5a000 r--p 00026000 08:01 4469275                    /lib/x86_64-linux-gnu/ld-2.28.so
7f4ca4d5a000-7f4ca4d5b000 rw-p 00027000 08:01 4469275                    /lib/x86_64-linux-gnu/ld-2.28.so
7f4ca4d5b000-7f4ca4d5c000 rw-p 00000000 00:00 0 
7ffc28c42000-7ffc28c63000 rw-p 00000000 00:00 0                          [stack]
7ffc28df6000-7ffc28df9000 r--p 00000000 00:00 0                          [vvar]
7ffc28df9000-7ffc28dfb000 r-xp 00000000 00:00 0                          [vdso]
ffffffffff600000-ffffffffff601000 r-xp 00000000 00:00 0                  [vsyscall]


VM Arguments:
jvm_args: -XX:+HeapDumpOnOutOfMemoryError -Xmx1024m -Dfile.encoding=UTF-8 -Duser.country=US -Duser.language=en -Duser.variant 
java_command: org.gradle.launcher.daemon.bootstrap.GradleDaemon 4.7
java_class_path (initial): /root/.gradle/wrapper/dists/gradle-4.7-all/4cret0dgl5o3b21weaoncl7ys/gradle-4.7/lib/gradle-launcher-4.7.jar
Launcher Type: SUN_STANDARD

Logging:
Log output configuration:
#0: stdout all=warning uptime,level,tags
#1: stderr all=off uptime,level,tags

Environment Variables:
PATH=/usr/local/sbin:/usr/local/bin:/usr/sbin:/usr/bin:/sbin:/bin:/snap/bin
USERNAME=root
SHELL=/bin/bash
DISPLAY=:0

Signal Handlers:
SIGSEGV: [libjvm.so+0xc744e0], sa_mask[0]=11111111011111111101111111111110, sa_flags=SA_RESTART|SA_SIGINFO
SIGBUS: [libjvm.so+0xc744e0], sa_mask[0]=11111111011111111101111111111110, sa_flags=SA_RESTART|SA_SIGINFO
SIGFPE: [libjvm.so+0xc744e0], sa_mask[0]=11111111011111111101111111111110, sa_flags=SA_RESTART|SA_SIGINFO
SIGPIPE: [libjvm.so+0xa9d350], sa_mask[0]=11111111011111111101111111111110, sa_flags=SA_RESTART|SA_SIGINFO
SIGXFSZ: [libjvm.so+0xa9d350], sa_mask[0]=11111111011111111101111111111110, sa_flags=SA_RESTART|SA_SIGINFO
SIGILL: [libjvm.so+0xc744e0], sa_mask[0]=11111111011111111101111111111110, sa_flags=SA_RESTART|SA_SIGINFO
SIGUSR2: [libjvm.so+0xa9d0c0], sa_mask[0]=00100000000000000000000000000000, sa_flags=SA_RESTART|SA_SIGINFO
SIGHUP: [libjvm.so+0xa9d220], sa_mask[0]=11111111011111111101111111111110, sa_flags=SA_RESTART|SA_SIGINFO
SIGINT: [libjvm.so+0xa9d220], sa_mask[0]=11111111011111111101111111111110, sa_flags=SA_RESTART|SA_SIGINFO
SIGTERM: [libjvm.so+0xa9d220], sa_mask[0]=11111111011111111101111111111110, sa_flags=SA_RESTART|SA_SIGINFO
SIGQUIT: [libjvm.so+0xa9d220], sa_mask[0]=11111111011111111101111111111110, sa_flags=SA_RESTART|SA_SIGINFO


---------------  S Y S T E M  ---------------

OS:DISTRIB_ID=Ubuntu
DISTRIB_RELEASE=18.04
DISTRIB_CODENAME=bionic
DISTRIB_DESCRIPTION="Pop!_OS 18.04 LTS"
uname:Linux 4.15.0-23-generic #25-Ubuntu SMP Wed May 23 18:02:16 UTC 2018 x86_64
libc:glibc 2.28 NPTL 2.28 
rlimit: STACK 8192k, CORE 0k, NPROC 13371, NOFILE 4096, AS infinity, DATA infinity, FSIZE infinity
load average:4.79 3.51 2.81

/proc/meminfo:
MemTotal:        3484252 kB
MemFree:          254460 kB
MemAvailable:     232552 kB
Buffers:           11488 kB
Cached:           124004 kB
SwapCached:            0 kB
Active:          2692632 kB
Inactive:          80512 kB
Active(anon):    2638980 kB
Inactive(anon):    33084 kB
Active(file):      53652 kB
Inactive(file):    47428 kB
Unevictable:        2784 kB
Mlocked:            2784 kB
SwapTotal:             0 kB
SwapFree:              0 kB
Dirty:               140 kB
Writeback:             0 kB
AnonPages:       2640528 kB
Mapped:            97408 kB
Shmem:             34372 kB
Slab:             168168 kB
SReclaimable:      87952 kB
SUnreclaim:        80216 kB
KernelStack:       16816 kB
PageTables:        55276 kB
NFS_Unstable:          0 kB
Bounce:                0 kB
WritebackTmp:          0 kB
CommitLimit:     1742124 kB
Committed_AS:    9683260 kB
VmallocTotal:   34359738367 kB
VmallocUsed:           0 kB
VmallocChunk:          0 kB
HardwareCorrupted:     0 kB
AnonHugePages:         0 kB
ShmemHugePages:        0 kB
ShmemPmdMapped:        0 kB
CmaTotal:              0 kB
CmaFree:               0 kB
HugePages_Total:       0
HugePages_Free:        0
HugePages_Rsvd:        0
HugePages_Surp:        0
Hugepagesize:       2048 kB
DirectMap4k:     1033724 kB
DirectMap2M:     2596864 kB
DirectMap1G:           0 kB

container (cgroup) information:
container_type: cgroupv1
cpu_cpuset_cpus: 0-3
cpu_memory_nodes: 0
active_processor_count: 4
cpu_quota: -1
cpu_period: 100000
cpu_shares: -1
memory_limit_in_bytes: -1
memory_and_swap_limit_in_bytes: -2
memory_soft_limit_in_bytes: -1
memory_usage_in_bytes: 2858905600
memory_max_usage_in_bytes: 3013324800


CPU:total 4 (initial active 4) (4 cores per cpu, 1 threads per core) family 22 model 48 stepping 1, cmov, cx8, fxsr, mmx, sse, sse2, sse3, ssse3, sse4.1, sse4.2, popcnt, avx, aes, clmul, mmxext, 3dnowpref, lzcnt, sse4a, tsc, tscinvbit, tscinv, bmi1
CPU Model and flags from /proc/cpuinfo:
model name	: AMD A6-7310 APU with AMD Radeon R4 Graphics
flags		: fpu vme de pse tsc msr pae mce cx8 apic sep mtrr pge mca cmov pat pse36 clflush mmx fxsr sse sse2 ht syscall nx mmxext fxsr_opt pdpe1gb rdtscp lm constant_tsc rep_good acc_power nopl nonstop_tsc cpuid extd_apicid aperfmperf pni pclmulqdq monitor ssse3 cx16 sse4_1 sse4_2 movbe popcnt aes xsave avx f16c rdrand lahf_lm cmp_legacy svm extapic cr8_legacy abm sse4a misalignsse 3dnowprefetch osvw ibs skinit wdt topoext perfctr_nb bpext ptsc perfctr_llc cpb hw_pstate ssbd vmmcall bmi1 xsaveopt arat npt lbrv svm_lock nrip_save tsc_scale flushbyasid decodeassists pausefilter pfthreshold overflow_recov

Memory: 4k page, physical 3484252k(254460k free), swap 0k(0k free)

vm_info: OpenJDK 64-Bit Server VM (10.0.2+13-Debian-1) for linux-amd64 JRE (10.0.2+13-Debian-1), built on Jul 18 2018 16:31:45 by "buildd" with gcc 8.1.0

END.
